#
# There is insufficient memory for the Java Runtime Environment to continue.
# Native memory allocation (malloc) failed to allocate 1954576 bytes for Chunk::new
# Possible reasons:
#   The system is out of physical RAM or swap space
#   The process is running with CompressedOops enabled, and the Java Heap may be blocking the growth of the native heap
# Possible solutions:
#   Reduce memory load on the system
#   Increase physical memory or swap space
#   Check if swap backing store is full
#   Decrease Java heap size (-Xmx/-Xms)
#   Decrease number of Java threads
#   Decrease Java thread stack sizes (-Xss)
#   Set larger code cache with -XX:ReservedCodeCacheSize=
#   JVM is running with Unscaled Compressed Oops mode in which the Java heap is
#     placed in the first 4GB address space. The Java Heap base address is the
#     maximum limit for the native heap growth. Please use -XX:HeapBaseMinAddress
#     to set the Java Heap base and to place the Java Heap above 4GB virtual address.
# This output file may be truncated or incomplete.
#
#  Out of Memory Error (arena.cpp:195), pid=8328, tid=5516
#
# JRE version: OpenJDK Runtime Environment (16.0.1+9) (build 16.0.1+9-24)
# Java VM: OpenJDK 64-Bit Server VM (16.0.1+9-24, mixed mode, tiered, compressed oops, compressed class ptrs, g1 gc, windows-amd64)
# No core dump will be written. Minidumps are not enabled by default on client versions of Windows
#

---------------  S U M M A R Y ------------

Command Line: -ea -Dfile.encoding=UTF-8 -XX:+ShowCodeDetailsInExceptionMessages org.eclipse.jdt.internal.junit.runner.RemoteTestRunner -version 3 -port 63734 -testLoaderClass org.eclipse.jdt.internal.junit4.runner.JUnit4TestLoader -loaderpluginname org.eclipse.jdt.junit4.runtime -classNames TestRunner.TestRunner1

Host: Intel(R) Celeron(R) CPU N3350 @ 1.10GHz, 2 cores, 3G,  Windows 10 , 64 bit Build 19041 (10.0.19041.1151)
Time: Tue Aug 24 14:56:47 2021 GMT Summer Time elapsed time: 18.786969 seconds (0d 0h 0m 18s)

---------------  T H R E A D  ---------------

Current thread (0x000001946ca1ad10):  JavaThread "C2 CompilerThread0" daemon [_thread_in_native, id=5516, stack(0x000000462fe00000,0x000000462ff00000)]


Current CompileTask:
C2:  18787 1999       4       java.lang.invoke.MethodType::makeImpl (108 bytes)

Stack: [0x000000462fe00000,0x000000462ff00000]
Native frames: (J=compiled Java code, j=interpreted, Vv=VM code, C=native code)
V  [jvm.dll+0x6687ca]
V  [jvm.dll+0x7ca3c9]
V  [jvm.dll+0x7cbb53]
V  [jvm.dll+0x7cc1b3]
V  [jvm.dll+0x242ea5]
V  [jvm.dll+0xadeca]
V  [jvm.dll+0xae5ac]
V  [jvm.dll+0x35aed2]
V  [jvm.dll+0x3253d1]
V  [jvm.dll+0x32487a]
V  [jvm.dll+0x215f3c]
V  [jvm.dll+0x215350]
V  [jvm.dll+0x1a1d9b]
V  [jvm.dll+0x2253a8]
V  [jvm.dll+0x2233ec]
V  [jvm.dll+0x780002]
V  [jvm.dll+0x779b4a]
V  [jvm.dll+0x667666]
C  [ucrtbase.dll+0x21bb2]
C  [KERNEL32.DLL+0x17034]
C  [ntdll.dll+0x52651]


---------------  P R O C E S S  ---------------

Threads class SMR info:
_java_thread_list=0x000001946f5a32d0, length=19, elements={
0x00000194560114f0, 0x000001946c9e1250, 0x000001946c9e2780, 0x000001946ca134c0,
0x000001946ca15de0, 0x000001946ca166f0, 0x000001946ca18010, 0x000001946ca1ad10,
0x000001946d40a490, 0x000001946d40d1a0, 0x000001946d4fb400, 0x000001946d505c40,
0x000001946d7b6c00, 0x000001946d9fa010, 0x000001946d7c6a70, 0x000001946da07b80,
0x000001946df3a050, 0x000001946f410650, 0x000001946f4120e0
}

Java Threads: ( => current thread )
  0x00000194560114f0 JavaThread "main" [_thread_in_vm, id=472, stack(0x000000462f100000,0x000000462f200000)]
  0x000001946c9e1250 JavaThread "Reference Handler" daemon [_thread_blocked, id=8376, stack(0x000000462f800000,0x000000462f900000)]
  0x000001946c9e2780 JavaThread "Finalizer" daemon [_thread_blocked, id=6440, stack(0x000000462f900000,0x000000462fa00000)]
  0x000001946ca134c0 JavaThread "Signal Dispatcher" daemon [_thread_blocked, id=5800, stack(0x000000462fa00000,0x000000462fb00000)]
  0x000001946ca15de0 JavaThread "Attach Listener" daemon [_thread_blocked, id=4680, stack(0x000000462fb00000,0x000000462fc00000)]
  0x000001946ca166f0 JavaThread "Service Thread" daemon [_thread_blocked, id=8084, stack(0x000000462fc00000,0x000000462fd00000)]
  0x000001946ca18010 JavaThread "Monitor Deflation Thread" daemon [_thread_blocked, id=2424, stack(0x000000462fd00000,0x000000462fe00000)]
=>0x000001946ca1ad10 JavaThread "C2 CompilerThread0" daemon [_thread_in_native, id=5516, stack(0x000000462fe00000,0x000000462ff00000)]
  0x000001946d40a490 JavaThread "C1 CompilerThread0" daemon [_thread_blocked, id=7476, stack(0x000000462ff00000,0x0000004630000000)]
  0x000001946d40d1a0 JavaThread "Sweeper thread" daemon [_thread_blocked, id=6396, stack(0x0000004630000000,0x0000004630100000)]
  0x000001946d4fb400 JavaThread "Notification Thread" daemon [_thread_blocked, id=3448, stack(0x0000004630100000,0x0000004630200000)]
  0x000001946d505c40 JavaThread "Common-Cleaner" daemon [_thread_blocked, id=8612, stack(0x0000004630300000,0x0000004630400000)]
  0x000001946d7b6c00 JavaThread "ReaderThread" [_thread_in_native, id=3972, stack(0x0000004630400000,0x0000004630500000)]
  0x000001946d9fa010 JavaThread "Exec Default Executor" daemon [_thread_in_native, id=3020, stack(0x0000004630600000,0x0000004630700000)]
  0x000001946d7c6a70 JavaThread "UrlChecker-2" daemon [_thread_blocked, id=5100, stack(0x0000004630700000,0x0000004630800000)]
  0x000001946da07b80 JavaThread "Exec Stream Pumper" daemon [_thread_in_native, id=9008, stack(0x0000004630900000,0x0000004630a00000)]
  0x000001946df3a050 JavaThread "Exec Stream Pumper" daemon [_thread_in_native, id=1372, stack(0x0000004630a00000,0x0000004630b00000)]
  0x000001946f410650 JavaThread "OkHttp ConnectionPool" daemon [_thread_blocked, id=2152, stack(0x0000004630c00000,0x0000004630d00000)]
  0x000001946f4120e0 JavaThread "Okio Watchdog" daemon [_thread_blocked, id=9084, stack(0x0000004630d00000,0x0000004630e00000)]

Other Threads:
  0x000001946c9ccf80 VMThread "VM Thread" [stack: 0x000000462f700000,0x000000462f800000] [id=1364]
  0x000001946d4fb920 WatcherThread [stack: 0x0000004630200000,0x0000004630300000] [id=4212]
  0x000001945603dfd0 GCTaskThread "GC Thread#0" [stack: 0x000000462f200000,0x000000462f300000] [id=8832]
  0x000001946db9c410 GCTaskThread "GC Thread#1" [stack: 0x0000004630500000,0x0000004630600000] [id=9044]
  0x0000019456047f30 ConcurrentGCThread "G1 Main Marker" [stack: 0x000000462f300000,0x000000462f400000] [id=5840]
  0x0000019456049210 ConcurrentGCThread "G1 Conc#0" [stack: 0x000000462f400000,0x000000462f500000] [id=5244]
  0x000001945607e750 ConcurrentGCThread "G1 Refine#0" [stack: 0x000000462f500000,0x000000462f600000] [id=1416]
  0x0000019456081850 ConcurrentGCThread "G1 Service" [stack: 0x000000462f600000,0x000000462f700000] [id=4520]

Threads with active compile tasks:
C2 CompilerThread0    18848 1999       4       java.lang.invoke.MethodType::makeImpl (108 bytes)

VM state: not at safepoint (normal execution)

VM Mutex/Monitor currently owned by a thread: None

Heap address: 0x00000000c2800000, size: 984 MB, Compressed Oops mode: 32-bit

CDS disabled.
Compressed class space mapped at: 0x0000000100000000-0x0000000140000000, reserved size: 1073741824
Narrow klass base: 0x0000000000000000, Narrow klass shift: 3, Narrow klass range: 0x140000000

GC Precious Log:
 CPUs: 2 total, 2 available
 Memory: 3928M
 Large Page Support: Disabled
 NUMA Support: Disabled
 Compressed Oops: Enabled (32-bit)
 Heap Region Size: 1M
 Heap Min Capacity: 8M
 Heap Initial Capacity: 62M
 Heap Max Capacity: 984M
 Pre-touch: Disabled
 Parallel Workers: 2
 Concurrent Workers: 1
 Concurrent Refinement Workers: 2
 Periodic GC: Disabled

Heap:
 garbage-first heap   total 27648K, used 9595K [0x00000000c2800000, 0x0000000100000000)
  region size 1024K, 5 young (5120K), 2 survivors (2048K)
 Metaspace       used 24892K, committed 25088K, reserved 1073152K
  class space    used 2718K, committed 2816K, reserved 1048576K

Heap Regions: E=young(eden), S=young(survivor), O=old, HS=humongous(starts), HC=humongous(continues), CS=collection set, F=free, OA=open archive, CA=closed archive, TAMS=top-at-mark-start (previous, next)
|   0|0x00000000c2800000, 0x00000000c2900000, 0x00000000c2900000|100%| O|  |TAMS 0x00000000c2900000, 0x00000000c2800000| Untracked 
|   1|0x00000000c2900000, 0x00000000c2a00000, 0x00000000c2a00000|100%| O|  |TAMS 0x00000000c2a00000, 0x00000000c2900000| Untracked 
|   2|0x00000000c2a00000, 0x00000000c2a90000, 0x00000000c2b00000| 56%| O|  |TAMS 0x00000000c2a90000, 0x00000000c2a00000| Untracked 
|   3|0x00000000c2b00000, 0x00000000c2c00000, 0x00000000c2c00000|100%| O|  |TAMS 0x00000000c2b00000, 0x00000000c2b00000| Untracked 
|   4|0x00000000c2c00000, 0x00000000c2d00000, 0x00000000c2d00000|100%| O|  |TAMS 0x00000000c2c00000, 0x00000000c2c00000| Untracked 
|   5|0x00000000c2d00000, 0x00000000c2e00000, 0x00000000c2e00000|100%| O|  |TAMS 0x00000000c2d00000, 0x00000000c2d00000| Untracked 
|   6|0x00000000c2e00000, 0x00000000c2e85c00, 0x00000000c2f00000| 52%| O|  |TAMS 0x00000000c2e00000, 0x00000000c2e00000| Untracked 
|   7|0x00000000c2f00000, 0x00000000c2f00000, 0x00000000c3000000|  0%| F|  |TAMS 0x00000000c2f00000, 0x00000000c2f00000| Untracked 
|   8|0x00000000c3000000, 0x00000000c3000000, 0x00000000c3100000|  0%| F|  |TAMS 0x00000000c3000000, 0x00000000c3000000| Untracked 
|   9|0x00000000c3100000, 0x00000000c31491d8, 0x00000000c3200000| 28%| S|CS|TAMS 0x00000000c3100000, 0x00000000c3100000| Complete 
|  10|0x00000000c3200000, 0x00000000c3300000, 0x00000000c3300000|100%| S|CS|TAMS 0x00000000c3200000, 0x00000000c3200000| Complete 
|  11|0x00000000c3300000, 0x00000000c3300000, 0x00000000c3400000|  0%| F|  |TAMS 0x00000000c3300000, 0x00000000c3300000| Untracked 
|  12|0x00000000c3400000, 0x00000000c3400000, 0x00000000c3500000|  0%| F|  |TAMS 0x00000000c3400000, 0x00000000c3400000| Untracked 
|  13|0x00000000c3500000, 0x00000000c3500000, 0x00000000c3600000|  0%| F|  |TAMS 0x00000000c3500000, 0x00000000c3500000| Untracked 
|  14|0x00000000c3600000, 0x00000000c3600000, 0x00000000c3700000|  0%| F|  |TAMS 0x00000000c3600000, 0x00000000c3600000| Untracked 
|  15|0x00000000c3700000, 0x00000000c3700000, 0x00000000c3800000|  0%| F|  |TAMS 0x00000000c3700000, 0x00000000c3700000| Untracked 
|  16|0x00000000c3800000, 0x00000000c3800000, 0x00000000c3900000|  0%| F|  |TAMS 0x00000000c3800000, 0x00000000c3800000| Untracked 
|  17|0x00000000c3900000, 0x00000000c3900000, 0x00000000c3a00000|  0%| F|  |TAMS 0x00000000c3900000, 0x00000000c3900000| Untracked 
|  18|0x00000000c3a00000, 0x00000000c3a00000, 0x00000000c3b00000|  0%| F|  |TAMS 0x00000000c3a00000, 0x00000000c3a00000| Untracked 
|  19|0x00000000c3b00000, 0x00000000c3b00000, 0x00000000c3c00000|  0%| F|  |TAMS 0x00000000c3b00000, 0x00000000c3b00000| Untracked 
|  20|0x00000000c3c00000, 0x00000000c3c00000, 0x00000000c3d00000|  0%| F|  |TAMS 0x00000000c3c00000, 0x00000000c3c00000| Untracked 
|  21|0x00000000c3d00000, 0x00000000c3d00000, 0x00000000c3e00000|  0%| F|  |TAMS 0x00000000c3d00000, 0x00000000c3d00000| Untracked 
|  35|0x00000000c4b00000, 0x00000000c4b00000, 0x00000000c4c00000|  0%| F|  |TAMS 0x00000000c4b00000, 0x00000000c4b00000| Untracked 
|  36|0x00000000c4c00000, 0x00000000c4c00000, 0x00000000c4d00000|  0%| F|  |TAMS 0x00000000c4c00000, 0x00000000c4c00000| Untracked 
|  37|0x00000000c4d00000, 0x00000000c4d59548, 0x00000000c4e00000| 34%| E|  |TAMS 0x00000000c4d00000, 0x00000000c4d00000| Complete 
|  38|0x00000000c4e00000, 0x00000000c4f00000, 0x00000000c4f00000|100%| E|CS|TAMS 0x00000000c4e00000, 0x00000000c4e00000| Complete 
|  61|0x00000000c6500000, 0x00000000c6600000, 0x00000000c6600000|100%| E|CS|TAMS 0x00000000c6500000, 0x00000000c6500000| Complete 

Card table byte_map: [0x0000019455de0000,0x0000019455fd0000] _byte_map_base: 0x00000194557cc000

Marking Bits (Prev, Next): (CMBitMap*) 0x000001945603fa20, (CMBitMap*) 0x000001945603f9e0
 Prev Bits: [0x00000194696d0000, 0x000001946a630000)
 Next Bits: [0x0000019468770000, 0x00000194696d0000)

Polling page: 0x0000019453ee0000

Metaspace:

Usage:
  Non-class:     21.66 MB used.
      Class:      2.66 MB used.
       Both:     24.31 MB used.

Virtual space:
  Non-class space:       24.00 MB reserved,      21.75 MB ( 91%) committed,  3 nodes.
      Class space:        1.00 GB reserved,       2.75 MB ( <1%) committed,  1 nodes.
              Both:        1.02 GB reserved,      24.50 MB (  2%) committed. 

Chunk freelists:
   Non-Class:  1.70 MB
       Class:  1.27 MB
        Both:  2.97 MB

MaxMetaspaceSize: 17179869184.00 GB
CompressedClassSpaceSize: 1.00 GB
 - commit_granule_bytes: 65536.
 - commit_granule_words: 8192.
 - virtual_space_node_default_size: 1048576.
 - enlarge_chunks_in_place: 1.
 - new_chunks_are_fully_committed: 0.
 - uncommit_free_chunks: 1.
 - use_allocation_guard: 0.
 - handle_deallocations: 1.


Internal statistics:

num_allocs_failed_limit: 3.
num_arena_births: 184.
num_arena_deaths: 0.
num_vsnodes_births: 4.
num_vsnodes_deaths: 0.
num_space_committed: 392.
num_space_uncommitted: 0.
num_chunks_returned_to_freelist: 3.
num_chunks_taken_from_freelist: 631.
num_chunk_merges: 0.
num_chunk_splits: 422.
num_chunks_enlarged: 318.
num_purges: 0.

CodeHeap 'non-profiled nmethods': size=120064Kb used=733Kb max_used=733Kb free=119330Kb
 bounds [0x0000019461040000, 0x00000194612b0000, 0x0000019468580000]
CodeHeap 'profiled nmethods': size=120000Kb used=3935Kb max_used=3935Kb free=116065Kb
 bounds [0x0000019459b10000, 0x0000019459ef0000, 0x0000019461040000]
CodeHeap 'non-nmethods': size=5696Kb used=1206Kb max_used=1223Kb free=4489Kb
 bounds [0x0000019459580000, 0x00000194597f0000, 0x0000019459b10000]
 total_blobs=2548 nmethods=2045 adapters=416
 compilation: enabled
              stopped_count=0, restarted_count=0
 full_count=0

Compilation events (20 events):
Event: 18.762 Thread 0x000001946d40a490 2024       3       java.util.stream.IntPipeline$10::<init> (20 bytes)
Event: 18.763 Thread 0x000001946d40a490 nmethod 2024 0x0000019459edb210 code [0x0000019459edb3e0, 0x0000019459edb6c8]
Event: 18.763 Thread 0x000001946d40a490 2025       3       java.util.stream.FindOps$FindSink$OfInt$$Lambda$151/0x000000010014ea50::get (8 bytes)
Event: 18.763 Thread 0x000001946d40a490 nmethod 2025 0x0000019459edb810 code [0x0000019459edb9c0, 0x0000019459edbc38]
Event: 18.763 Thread 0x000001946d40a490 2026       3       java.util.stream.IntPipeline$10::opWrapSink (10 bytes)
Event: 18.765 Thread 0x000001946d40a490 nmethod 2026 0x0000019459edbd90 code [0x0000019459edbf80, 0x0000019459edc528]
Event: 18.765 Thread 0x000001946d40a490 2027       3       java.util.stream.IntPipeline$10$1::begin (13 bytes)
Event: 18.765 Thread 0x000001946d40a490 nmethod 2027 0x0000019459edc710 code [0x0000019459edc8c0, 0x0000019459edca88]
Event: 18.765 Thread 0x000001946d40a490 2028       3       java.util.stream.IntPipeline::forEachWithCancel (37 bytes)
Event: 18.766 Thread 0x000001946d40a490 nmethod 2028 0x0000019459edcb90 code [0x0000019459edcdc0, 0x0000019459edd628]
Event: 18.766 Thread 0x000001946d40a490 2029       3       java.util.stream.IntPipeline$10$1::accept (27 bytes)
Event: 18.767 Thread 0x000001946d40a490 nmethod 2029 0x0000019459edd890 code [0x0000019459edda80, 0x0000019459eddf48]
Event: 18.767 Thread 0x000001946d40a490 2030       3       java.util.stream.FindOps$FindSink$OfInt::accept (9 bytes)
Event: 18.767 Thread 0x000001946d40a490 nmethod 2030 0x0000019459ede110 code [0x0000019459ede2e0, 0x0000019459ede7d8]
Event: 18.767 Thread 0x000001946d40a490 2031       3       java.util.stream.FindOps$FindSink$OfInt::get (5 bytes)
Event: 18.768 Thread 0x000001946d40a490 nmethod 2031 0x0000019459ede990 code [0x0000019459edeb60, 0x0000019459edefb8]
Event: 18.772 Thread 0x000001946d40a490 2032       3       java.util.stream.AbstractPipeline::copyIntoWithCancel (46 bytes)
Event: 18.772 Thread 0x000001946d40a490 nmethod 2032 0x0000019459edf110 code [0x0000019459edf300, 0x0000019459edf7d8]
Event: 18.773 Thread 0x000001946d40a490 2033       3       java.util.regex.Pattern$BranchConn::match (11 bytes)
Event: 18.773 Thread 0x000001946d40a490 nmethod 2033 0x0000019459edf990 code [0x0000019459edfb40, 0x0000019459edfd08]

GC Heap History (10 events):
Event: 2.347 GC heap before
{Heap before GC invocations=0 (full 0):
 garbage-first heap   total 63488K, used 5120K [0x00000000c2800000, 0x0000000100000000)
  region size 1024K, 6 young (6144K), 0 survivors (0K)
 Metaspace       used 8592K, committed 8832K, reserved 1056768K
  class space    used 784K, committed 896K, reserved 1048576K
}
Event: 2.357 GC heap after
{Heap after GC invocations=1 (full 0):
 garbage-first heap   total 63488K, used 2462K [0x00000000c2800000, 0x0000000100000000)
  region size 1024K, 1 young (1024K), 1 survivors (1024K)
 Metaspace       used 8592K, committed 8832K, reserved 1056768K
  class space    used 784K, committed 896K, reserved 1048576K
}
Event: 2.926 GC heap before
{Heap before GC invocations=1 (full 0):
 garbage-first heap   total 63488K, used 5534K [0x00000000c2800000, 0x0000000100000000)
  region size 1024K, 5 young (5120K), 1 survivors (1024K)
 Metaspace       used 10194K, committed 10304K, reserved 1064960K
  class space    used 986K, committed 1024K, reserved 1048576K
}
Event: 2.932 GC heap after
{Heap after GC invocations=2 (full 0):
 garbage-first heap   total 63488K, used 2899K [0x00000000c2800000, 0x0000000100000000)
  region size 1024K, 1 young (1024K), 1 survivors (1024K)
 Metaspace       used 10194K, committed 10304K, reserved 1064960K
  class space    used 986K, committed 1024K, reserved 1048576K
}
Event: 4.042 GC heap before
{Heap before GC invocations=2 (full 0):
 garbage-first heap   total 63488K, used 13139K [0x00000000c2800000, 0x0000000100000000)
  region size 1024K, 11 young (11264K), 1 survivors (1024K)
 Metaspace       used 14209K, committed 14336K, reserved 1064960K
  class space    used 1387K, committed 1472K, reserved 1048576K
}
Event: 4.048 GC heap after
{Heap after GC invocations=3 (full 0):
 garbage-first heap   total 63488K, used 3945K [0x00000000c2800000, 0x0000000100000000)
  region size 1024K, 2 young (2048K), 2 survivors (2048K)
 Metaspace       used 14209K, committed 14336K, reserved 1064960K
  class space    used 1387K, committed 1472K, reserved 1048576K
}
Event: 6.620 GC heap before
{Heap before GC invocations=3 (full 0):
 garbage-first heap   total 63488K, used 24425K [0x00000000c2800000, 0x0000000100000000)
  region size 1024K, 23 young (23552K), 2 survivors (2048K)
 Metaspace       used 21009K, committed 21248K, reserved 1073152K
  class space    used 2192K, committed 2304K, reserved 1048576K
}
Event: 6.634 GC heap after
{Heap after GC invocations=4 (full 0):
 garbage-first heap   total 63488K, used 6428K [0x00000000c2800000, 0x0000000100000000)
  region size 1024K, 4 young (4096K), 4 survivors (4096K)
 Metaspace       used 21009K, committed 21248K, reserved 1073152K
  class space    used 2192K, committed 2304K, reserved 1048576K
}
Event: 11.510 GC heap before
{Heap before GC invocations=5 (full 0):
 garbage-first heap   total 27648K, used 18716K [0x00000000c2800000, 0x0000000100000000)
  region size 1024K, 16 young (16384K), 4 survivors (4096K)
 Metaspace       used 24385K, committed 24640K, reserved 1073152K
  class space    used 2649K, committed 2752K, reserved 1048576K
}
Event: 11.531 GC heap after
{Heap after GC invocations=6 (full 0):
 garbage-first heap   total 27648K, used 7547K [0x00000000c2800000, 0x0000000100000000)
  region size 1024K, 2 young (2048K), 2 survivors (2048K)
 Metaspace       used 24385K, committed 24640K, reserved 1073152K
  class space    used 2649K, committed 2752K, reserved 1048576K
}

Deoptimization events (20 events):
Event: 18.309 Thread 0x00000194560114f0 Uncommon trap: trap_request=0xffffff45 fr.pc=0x00000194610c8ab8 relative=0x0000000000000218
Event: 18.309 Thread 0x00000194560114f0 Uncommon trap: reason=unstable_if action=reinterpret pc=0x00000194610c8ab8 method=java.lang.String.getChars(II[CI)V @ 23 c2
Event: 18.309 Thread 0x00000194560114f0 DEOPT PACKING pc=0x00000194610c8ab8 sp=0x000000462f1fcf60
Event: 18.309 Thread 0x00000194560114f0 DEOPT UNPACKING pc=0x00000194595cd728 sp=0x000000462f1fcef8 mode 2
Event: 18.311 Thread 0x00000194560114f0 Uncommon trap: trap_request=0xffffff45 fr.pc=0x0000019461063500 relative=0x0000000000000360
Event: 18.311 Thread 0x00000194560114f0 Uncommon trap: reason=unstable_if action=reinterpret pc=0x0000019461063500 method=java.lang.StringLatin1.canEncode(I)Z @ 4 c2
Event: 18.311 Thread 0x00000194560114f0 DEOPT PACKING pc=0x0000019461063500 sp=0x000000462f1fc640
Event: 18.311 Thread 0x00000194560114f0 DEOPT UNPACKING pc=0x00000194595cd728 sp=0x000000462f1fc568 mode 2
Event: 18.311 Thread 0x00000194560114f0 Uncommon trap: trap_request=0xffffff45 fr.pc=0x0000019461062bf0 relative=0x0000000000000350
Event: 18.311 Thread 0x00000194560114f0 Uncommon trap: reason=unstable_if action=reinterpret pc=0x0000019461062bf0 method=java.lang.AbstractStringBuilder.isLatin1()Z @ 10 c2
Event: 18.311 Thread 0x00000194560114f0 DEOPT PACKING pc=0x0000019461062bf0 sp=0x000000462f1fc5e0
Event: 18.311 Thread 0x00000194560114f0 DEOPT UNPACKING pc=0x00000194595cd728 sp=0x000000462f1fc570 mode 2
Event: 18.312 Thread 0x00000194560114f0 Uncommon trap: trap_request=0xffffff45 fr.pc=0x0000019461071ce4 relative=0x0000000000000444
Event: 18.312 Thread 0x00000194560114f0 Uncommon trap: reason=unstable_if action=reinterpret pc=0x0000019461071ce4 method=java.lang.AbstractStringBuilder.putStringAt(ILjava/lang/String;II)V @ 8 c2
Event: 18.312 Thread 0x00000194560114f0 DEOPT PACKING pc=0x0000019461071ce4 sp=0x000000462f1fd830
Event: 18.312 Thread 0x00000194560114f0 DEOPT UNPACKING pc=0x00000194595cd728 sp=0x000000462f1fd6c8 mode 2
Event: 18.564 Thread 0x00000194560114f0 Uncommon trap: trap_request=0xffffff45 fr.pc=0x0000019461068d48 relative=0x0000000000000128
Event: 18.564 Thread 0x00000194560114f0 Uncommon trap: reason=unstable_if action=reinterpret pc=0x0000019461068d48 method=java.lang.AbstractStringBuilder.putStringAt(ILjava/lang/String;II)V @ 8 c2
Event: 18.564 Thread 0x00000194560114f0 DEOPT PACKING pc=0x0000019461068d48 sp=0x000000462f1fdb10
Event: 18.564 Thread 0x00000194560114f0 DEOPT UNPACKING pc=0x00000194595cd728 sp=0x000000462f1fdab0 mode 2

Classes unloaded (0 events):
No events

Classes redefined (0 events):
No events

Internal exceptions (20 events):
Event: 6.138 Thread 0x000001946d7c6a70 Exception <a 'java/net/SocketException'{0x00000000c50e36a0}: Socket is not connected: shutdown> (0x00000000c50e36a0) 
thrown [t:\workspace\open\src\hotspot\share\prims\jni.cpp, line 600]
Event: 6.169 Thread 0x000001946d7c6a70 Exception <a 'java/net/ConnectException'{0x00000000c50e4638}: Connection refused: no further information> (0x00000000c50e4638) 
thrown [t:\workspace\open\src\hotspot\share\prims\jni.cpp, line 600]
Event: 6.170 Thread 0x000001946d7c6a70 Exception <a 'java/net/SocketException'{0x00000000c50e4970}: Socket is not connected: shutdown> (0x00000000c50e4970) 
thrown [t:\workspace\open\src\hotspot\share\prims\jni.cpp, line 600]
Event: 6.218 Thread 0x000001946d7c6a70 Exception <a 'java/net/ConnectException'{0x00000000c50e5908}: Connection refused: no further information> (0x00000000c50e5908) 
thrown [t:\workspace\open\src\hotspot\share\prims\jni.cpp, line 600]
Event: 6.218 Thread 0x000001946d7c6a70 Exception <a 'java/net/SocketException'{0x00000000c50e5c40}: Socket is not connected: shutdown> (0x00000000c50e5c40) 
thrown [t:\workspace\open\src\hotspot\share\prims\jni.cpp, line 600]
Event: 6.309 Thread 0x000001946d7c6a70 Exception <a 'java/net/ConnectException'{0x00000000c50e6bd8}: Connection refused: no further information> (0x00000000c50e6bd8) 
thrown [t:\workspace\open\src\hotspot\share\prims\jni.cpp, line 600]
Event: 6.309 Thread 0x000001946d7c6a70 Exception <a 'java/net/SocketException'{0x00000000c50e6f10}: Socket is not connected: shutdown> (0x00000000c50e6f10) 
thrown [t:\workspace\open\src\hotspot\share\prims\jni.cpp, line 600]
Event: 6.563 Thread 0x00000194560114f0 Exception <a 'java/lang/IncompatibleClassChangeError'{0x00000000c4f79168}: Found class java.lang.Object, but interface was expected> (0x00000000c4f79168) 
thrown [t:\workspace\open\src\hotspot\share\interpreter\linkResolver.cpp, line 857]
Event: 6.606 Thread 0x00000194560114f0 Exception <a 'java/lang/NoSuchMethodError'{0x00000000c4f81de8}: 'int java.lang.invoke.DirectMethodHandle$Holder.invokeSpecialIFC(java.lang.Object, java.lang.Object, java.lang.Object, java.lang.Object)'> (0x00000000c4f81de8) 
thrown [t:\workspace\open\src\hotspot\share\interpreter\linkResolver.cpp, line 790]
Event: 6.616 Thread 0x00000194560114f0 Exception <a 'java/lang/NoSuchMethodError'{0x00000000c4f8a708}: 'java.lang.Object java.lang.invoke.DirectMethodHandle$Holder.invokeInterface(java.lang.Object, java.lang.Object, java.lang.Object, java.lang.Object)'> (0x00000000c4f8a708) 
thrown [t:\workspace\open\src\hotspot\share\interpreter\linkResolver.cpp, line 790]
Event: 6.683 Thread 0x00000194560114f0 Exception <a 'java/lang/NoSuchMethodError'{0x00000000c6522c40}: 'java.lang.Object java.lang.invoke.DirectMethodHandle$Holder.invokeVirtual(java.lang.Object, java.lang.Object, java.lang.Object)'> (0x00000000c6522c40) 
thrown [t:\workspace\open\src\hotspot\share\interpreter\linkResolver.cpp, line 790]
Event: 6.718 Thread 0x00000194560114f0 Exception <a 'java/lang/NoSuchMethodError'{0x00000000c65b1320}: 'void java.lang.invoke.DirectMethodHandle$Holder.invokeInterface(java.lang.Object, java.lang.Object, java.lang.Object)'> (0x00000000c65b1320) 
thrown [t:\workspace\open\src\hotspot\share\interpreter\linkResolver.cpp, line 790]
Event: 6.754 Thread 0x00000194560114f0 Exception <a 'java/lang/NoSuchMethodError'{0x00000000c3d130e8}: 'double java.lang.invoke.DirectMethodHandle$Holder.invokeVirtual(java.lang.Object, java.lang.Object)'> (0x00000000c3d130e8) 
thrown [t:\workspace\open\src\hotspot\share\interpreter\linkResolver.cpp, line 790]
Event: 6.757 Thread 0x00000194560114f0 Exception <a 'java/lang/NoSuchMethodError'{0x00000000c3d19b88}: 'float java.lang.invoke.DirectMethodHandle$Holder.invokeVirtual(java.lang.Object, java.lang.Object)'> (0x00000000c3d19b88) 
thrown [t:\workspace\open\src\hotspot\share\interpreter\linkResolver.cpp, line 790]
Event: 6.760 Thread 0x00000194560114f0 Exception <a 'java/lang/NoSuchMethodError'{0x00000000c3d23138}: 'long java.lang.invoke.DirectMethodHandle$Holder.invokeVirtual(java.lang.Object, java.lang.Object)'> (0x00000000c3d23138) 
thrown [t:\workspace\open\src\hotspot\share\interpreter\linkResolver.cpp, line 790]
Event: 9.974 Thread 0x00000194560114f0 Exception <a 'java/lang/NoSuchMethodError'{0x00000000c343de48}: 'java.lang.Object java.lang.invoke.DirectMethodHandle$Holder.invokeSpecialIFC(java.lang.Object, java.lang.Object, java.lang.Object)'> (0x00000000c343de48) 
thrown [t:\workspace\open\src\hotspot\share\interpreter\linkResolver.cpp, line 790]
Event: 10.306 Thread 0x00000194560114f0 Exception <a 'java/lang/NoSuchMethodError'{0x00000000c34c8040}: 'java.lang.Object java.lang.invoke.DirectMethodHandle$Holder.invokeStatic(java.lang.Object, int, java.lang.Object)'> (0x00000000c34c8040) 
thrown [t:\workspace\open\src\hotspot\share\interpreter\linkResolver.cpp, line 790]
Event: 10.367 Thread 0x00000194560114f0 Exception <a 'java/lang/ClassNotFoundException'{0x00000000c3307e60}: sun/util/logging/resources/spi/loggingProvider> (0x00000000c3307e60) 
thrown [t:\workspace\open\src\hotspot\share\classfile\systemDictionary.cpp, line 256]
Event: 18.523 Thread 0x00000194560114f0 Exception <a 'java/lang/ClassNotFoundException'{0x00000000c65a4468}: sun/misc/SharedSecrets> (0x00000000c65a4468) 
thrown [t:\workspace\open\src\hotspot\share\classfile\systemDictionary.cpp, line 256]
Event: 18.529 Thread 0x00000194560114f0 Exception <a 'java/lang/reflect/InvocationTargetException'{0x00000000c65b29d8}> (0x00000000c65b29d8) 
thrown [t:\workspace\open\src\hotspot\share\runtime\reflection.cpp, line 1157]

Events (20 events):
Event: 18.396 loading class java/io/CharArrayWriter
Event: 18.396 loading class java/io/CharArrayWriter done
Event: 18.400 Executing  VM operation: ICBufferFull
Event: 18.400 Executing  VM operation: ICBufferFull done
Event: 18.454 loading class jdk/internal/access/foreign/MemorySegmentProxy
Event: 18.455 loading class jdk/internal/access/foreign/MemorySegmentProxy done
Event: 18.462 loading class java/util/stream/SortedOps$RefSortingSink
Event: 18.462 loading class java/util/stream/SortedOps$RefSortingSink done
Event: 18.521 loading class java/net/InetAddress$CachedLocalHost
Event: 18.521 loading class java/net/InetAddress$CachedLocalHost done
Event: 18.523 loading class sun/misc/SharedSecrets
Event: 18.523 loading class sun/misc/SharedSecrets done
Event: 18.532 loading class java/lang/StackTraceElement$HashedModules
Event: 18.532 loading class java/lang/StackTraceElement$HashedModules done
Event: 18.538 loading class java/time/Instant$1
Event: 18.539 loading class java/time/Instant$1 done
Event: 18.559 loading class java/lang/Throwable$WrappedPrintWriter
Event: 18.559 loading class java/lang/Throwable$WrappedPrintWriter done
Event: 18.581 loading class java/lang/Throwable$WrappedPrintStream
Event: 18.581 loading class java/lang/Throwable$WrappedPrintStream done


Dynamic libraries:
0x00007ff7f7f10000 - 0x00007ff7f7f1e000 	C:\Users\pradh\Downloads\eclipse-java-2021-06-R-win32-x86_64\eclipse\plugins\org.eclipse.justj.openjdk.hotspot.jre.full.win32.x86_64_16.0.1.v20210528-1205\jre\bin\javaw.exe
0x00007ffa79730000 - 0x00007ffa79925000 	C:\WINDOWS\SYSTEM32\ntdll.dll
0x00007ffa77980000 - 0x00007ffa77a3d000 	C:\WINDOWS\System32\KERNEL32.DLL
0x00007ffa76e60000 - 0x00007ffa77129000 	C:\WINDOWS\System32\KERNELBASE.dll
0x00007ffa77540000 - 0x00007ffa77640000 	C:\WINDOWS\System32\ucrtbase.dll
0x00007ffa71e60000 - 0x00007ffa71e78000 	C:\Users\pradh\Downloads\eclipse-java-2021-06-R-win32-x86_64\eclipse\plugins\org.eclipse.justj.openjdk.hotspot.jre.full.win32.x86_64_16.0.1.v20210528-1205\jre\bin\jli.dll
0x00007ffa78b70000 - 0x00007ffa78d10000 	C:\WINDOWS\System32\USER32.dll
0x00007ffa77340000 - 0x00007ffa77362000 	C:\WINDOWS\System32\win32u.dll
0x00007ffa78900000 - 0x00007ffa7892a000 	C:\WINDOWS\System32\GDI32.dll
0x00007ffa77370000 - 0x00007ffa7747b000 	C:\WINDOWS\System32\gdi32full.dll
0x00007ffa77690000 - 0x00007ffa7772d000 	C:\WINDOWS\System32\msvcp_win.dll
0x00007ffa71570000 - 0x00007ffa71589000 	C:\Users\pradh\Downloads\eclipse-java-2021-06-R-win32-x86_64\eclipse\plugins\org.eclipse.justj.openjdk.hotspot.jre.full.win32.x86_64_16.0.1.v20210528-1205\jre\bin\VCRUNTIME140.dll
0x00007ffa61860000 - 0x00007ffa61afa000 	C:\WINDOWS\WinSxS\amd64_microsoft.windows.common-controls_6595b64144ccf1df_6.0.19041.1110_none_60b5254171f9507e\COMCTL32.dll
0x00007ffa77a40000 - 0x00007ffa77ade000 	C:\WINDOWS\System32\msvcrt.dll
0x00007ffa79210000 - 0x00007ffa79240000 	C:\WINDOWS\System32\IMM32.DLL
0x00007ffa73fb0000 - 0x00007ffa73fbc000 	C:\Users\pradh\Downloads\eclipse-java-2021-06-R-win32-x86_64\eclipse\plugins\org.eclipse.justj.openjdk.hotspot.jre.full.win32.x86_64_16.0.1.v20210528-1205\jre\bin\vcruntime140_1.dll
0x00007ffa6e800000 - 0x00007ffa6e891000 	C:\Users\pradh\Downloads\eclipse-java-2021-06-R-win32-x86_64\eclipse\plugins\org.eclipse.justj.openjdk.hotspot.jre.full.win32.x86_64_16.0.1.v20210528-1205\jre\bin\msvcp140.dll
0x00007ffa342c0000 - 0x00007ffa34e6b000 	C:\Users\pradh\Downloads\eclipse-java-2021-06-R-win32-x86_64\eclipse\plugins\org.eclipse.justj.openjdk.hotspot.jre.full.win32.x86_64_16.0.1.v20210528-1205\jre\bin\server\jvm.dll
0x00007ffa77820000 - 0x00007ffa778cc000 	C:\WINDOWS\System32\ADVAPI32.dll
0x00007ffa792f0000 - 0x00007ffa7938b000 	C:\WINDOWS\System32\sechost.dll
0x00007ffa78930000 - 0x00007ffa78a5a000 	C:\WINDOWS\System32\RPCRT4.dll
0x00007ffa79240000 - 0x00007ffa79248000 	C:\WINDOWS\System32\PSAPI.DLL
0x00007ffa64a90000 - 0x00007ffa64a99000 	C:\WINDOWS\SYSTEM32\WSOCK32.dll
0x00007ffa78eb0000 - 0x00007ffa78f1b000 	C:\WINDOWS\System32\WS2_32.dll
0x00007ffa627b0000 - 0x00007ffa627d7000 	C:\WINDOWS\SYSTEM32\WINMM.dll
0x00007ffa6fb00000 - 0x00007ffa6fb0a000 	C:\WINDOWS\SYSTEM32\VERSION.dll
0x00007ffa756f0000 - 0x00007ffa75702000 	C:\WINDOWS\SYSTEM32\kernel.appcore.dll
0x00007ffa715e0000 - 0x00007ffa715ea000 	C:\Users\pradh\Downloads\eclipse-java-2021-06-R-win32-x86_64\eclipse\plugins\org.eclipse.justj.openjdk.hotspot.jre.full.win32.x86_64_16.0.1.v20210528-1205\jre\bin\jimage.dll
0x00007ffa74c60000 - 0x00007ffa74e44000 	C:\WINDOWS\SYSTEM32\DBGHELP.DLL
0x00007ffa62a30000 - 0x00007ffa62a5c000 	C:\WINDOWS\SYSTEM32\dbgcore.DLL
0x00007ffa77480000 - 0x00007ffa77503000 	C:\WINDOWS\System32\bcryptPrimitives.dll
0x00007ffa70780000 - 0x00007ffa707a5000 	C:\Users\pradh\Downloads\eclipse-java-2021-06-R-win32-x86_64\eclipse\plugins\org.eclipse.justj.openjdk.hotspot.jre.full.win32.x86_64_16.0.1.v20210528-1205\jre\bin\java.dll
0x00007ffa70940000 - 0x00007ffa70958000 	C:\Users\pradh\Downloads\eclipse-java-2021-06-R-win32-x86_64\eclipse\plugins\org.eclipse.justj.openjdk.hotspot.jre.full.win32.x86_64_16.0.1.v20210528-1205\jre\bin\zip.dll
0x00007ffa77c10000 - 0x00007ffa7834f000 	C:\WINDOWS\System32\SHELL32.dll
0x00007ffa74e70000 - 0x00007ffa75600000 	C:\WINDOWS\SYSTEM32\windows.storage.dll
0x00007ffa79390000 - 0x00007ffa796e5000 	C:\WINDOWS\System32\combase.dll
0x00007ffa768c0000 - 0x00007ffa768ec000 	C:\WINDOWS\SYSTEM32\Wldp.dll
0x00007ffa78ac0000 - 0x00007ffa78b6e000 	C:\WINDOWS\System32\SHCORE.dll
0x00007ffa78a60000 - 0x00007ffa78ab5000 	C:\WINDOWS\System32\shlwapi.dll
0x00007ffa76da0000 - 0x00007ffa76dbf000 	C:\WINDOWS\SYSTEM32\profapi.dll
0x00007ffa708e0000 - 0x00007ffa708f9000 	C:\Users\pradh\Downloads\eclipse-java-2021-06-R-win32-x86_64\eclipse\plugins\org.eclipse.justj.openjdk.hotspot.jre.full.win32.x86_64_16.0.1.v20210528-1205\jre\bin\net.dll
0x00007ffa69ba0000 - 0x00007ffa69ca8000 	C:\WINDOWS\SYSTEM32\WINHTTP.dll
0x00007ffa76620000 - 0x00007ffa7668a000 	C:\WINDOWS\system32\mswsock.dll
0x00007ffa70760000 - 0x00007ffa70773000 	C:\Users\pradh\Downloads\eclipse-java-2021-06-R-win32-x86_64\eclipse\plugins\org.eclipse.justj.openjdk.hotspot.jre.full.win32.x86_64_16.0.1.v20210528-1205\jre\bin\nio.dll
0x00007ffa762c0000 - 0x00007ffa762fb000 	C:\WINDOWS\SYSTEM32\IPHLPAPI.DLL
0x00007ffa79270000 - 0x00007ffa79278000 	C:\WINDOWS\System32\NSI.dll
0x00007ffa6cb60000 - 0x00007ffa6cb77000 	C:\WINDOWS\SYSTEM32\dhcpcsvc6.DLL
0x00007ffa6da40000 - 0x00007ffa6da5d000 	C:\WINDOWS\SYSTEM32\dhcpcsvc.DLL
0x00007ffa76300000 - 0x00007ffa763cc000 	C:\WINDOWS\SYSTEM32\DNSAPI.dll
0x00007ffa715d0000 - 0x00007ffa715e0000 	C:\Users\pradh\Downloads\eclipse-java-2021-06-R-win32-x86_64\eclipse\plugins\org.eclipse.justj.openjdk.hotspot.jre.full.win32.x86_64_16.0.1.v20210528-1205\jre\bin\verify.dll
0x00007ffa76810000 - 0x00007ffa76828000 	C:\WINDOWS\SYSTEM32\CRYPTSP.dll
0x00007ffa75ed0000 - 0x00007ffa75f04000 	C:\WINDOWS\system32\rsaenh.dll
0x00007ffa77510000 - 0x00007ffa77537000 	C:\WINDOWS\System32\bcrypt.dll
0x00007ffa76d20000 - 0x00007ffa76d4e000 	C:\WINDOWS\SYSTEM32\USERENV.dll
0x00007ffa76830000 - 0x00007ffa7683c000 	C:\WINDOWS\SYSTEM32\CRYPTBASE.dll
0x00007ffa671d0000 - 0x00007ffa671da000 	C:\Windows\System32\rasadhlp.dll
0x00007ffa69a00000 - 0x00007ffa69a7f000 	C:\WINDOWS\System32\fwpuclnt.dll
0x00007ffa71560000 - 0x00007ffa7156e000 	C:\Users\pradh\Downloads\eclipse-java-2021-06-R-win32-x86_64\eclipse\plugins\org.eclipse.justj.openjdk.hotspot.jre.full.win32.x86_64_16.0.1.v20210528-1205\jre\bin\sunmscapi.dll
0x00007ffa771e0000 - 0x00007ffa7733f000 	C:\WINDOWS\System32\CRYPT32.dll
0x00007ffa76930000 - 0x00007ffa76957000 	C:\WINDOWS\SYSTEM32\ncrypt.dll
0x00007ffa768f0000 - 0x00007ffa7692b000 	C:\WINDOWS\SYSTEM32\NTASN1.dll
0x00007ffa61d40000 - 0x00007ffa61d57000 	C:\WINDOWS\system32\napinsp.dll
0x00007ffa5ff60000 - 0x00007ffa5ff7b000 	C:\WINDOWS\system32\pnrpnsp.dll
0x00007ffa72cc0000 - 0x00007ffa72cd5000 	C:\WINDOWS\system32\wshbth.dll
0x00007ffa72e80000 - 0x00007ffa72e9d000 	C:\WINDOWS\system32\NLAapi.dll
0x00007ffa72c20000 - 0x00007ffa72c32000 	C:\WINDOWS\System32\winrnr.dll

dbghelp: loaded successfully - version: 4.0.5 - missing functions: none
symbol engine: initialized successfully - sym options: 0x614 - pdb path: .;C:\Users\pradh\Downloads\eclipse-java-2021-06-R-win32-x86_64\eclipse\plugins\org.eclipse.justj.openjdk.hotspot.jre.full.win32.x86_64_16.0.1.v20210528-1205\jre\bin;C:\WINDOWS\SYSTEM32;C:\WINDOWS\WinSxS\amd64_microsoft.windows.common-controls_6595b64144ccf1df_6.0.19041.1110_none_60b5254171f9507e;C:\Users\pradh\Downloads\eclipse-java-2021-06-R-win32-x86_64\eclipse\plugins\org.eclipse.justj.openjdk.hotspot.jre.full.win32.x86_64_16.0.1.v20210528-1205\jre\bin\server

VM Arguments:
jvm_args: -ea -Dfile.encoding=UTF-8 -XX:+ShowCodeDetailsInExceptionMessages 
java_command: org.eclipse.jdt.internal.junit.runner.RemoteTestRunner -version 3 -port 63734 -testLoaderClass org.eclipse.jdt.internal.junit4.runner.JUnit4TestLoader -loaderpluginname org.eclipse.jdt.junit4.runtime -classNames TestRunner.TestRunner1
java_class_path (initial): C:\Users\pradh\eclipse-workspace\Cucumber\target\test-classes;C:\Users\pradh\eclipse-workspace\Cucumber\target\classes;C:\Users\pradh\Downloads\selenium-java-3.141.59\client-combined-3.141.59.jar;C:\Users\pradh\Downloads\selenium-java-3.141.59\client-combined-3.141.59-sources.jar;C:\Users\pradh\Downloads\selenium-java-3.141.59\libs\byte-buddy-1.8.15.jar;C:\Users\pradh\Downloads\selenium-java-3.141.59\libs\commons-exec-1.3.jar;C:\Users\pradh\Downloads\selenium-java-3.141.59\libs\guava-25.0-jre.jar;C:\Users\pradh\Downloads\selenium-java-3.141.59\libs\okhttp-3.11.0.jar;C:\Users\pradh\Downloads\selenium-java-3.141.59\libs\okio-1.14.0.jar;C:\Users\pradh\.m2\repository\io\cucumber\cucumber-java\6.11.0\cucumber-java-6.11.0.jar;C:\Users\pradh\.m2\repository\io\cucumber\cucumber-core\6.11.0\cucumber-core-6.11.0.jar;C:\Users\pradh\.m2\repository\io\cucumber\cucumber-gherkin\6.11.0\cucumber-gherkin-6.11.0.jar;C:\Users\pradh\.m2\repository\io\cucumber\cucumber-gherkin-messages\6.11.0\cucumber-gherkin-messages-6.11.0.jar;C:\Users\pradh\.m2\repository\io\cucumber\messages\15.0.0\messages-15.0.0.jar;C:\Users\pradh\.m2\repository\io\cucumber\tag-expressions\3.0.1\tag-expressions-3.0.1.jar;C:\Users\pradh\.m2\repository\io\cucumber\cucumber-expressions\10.3.0\cucumber-expressions-10.3.0.jar;C:\Users\pradh\.m2\repository\io\cucumber\datatable\3.5.0\datatable-3.5.0.jar;C:\Users\pradh\.m2\repository\io\cucumber\cucumber-plugin\6.11.0\cucumber-plugin-6.11.0.jar;C:\Users\pradh\.m2\repository\io\cucumber\docstring\6.11.0\docstring-6.11.0.jar;C:\Users\pradh\.m2\repository\io\cucumber\html-formatter\13.0.0\html-formatter-13.0.0.jar;C:\Users\pradh\.m2\repository\io\cucumber\create-meta\4.0.0\create-meta-4.0.0.jar;C:\Users\pradh\.m2\repository\org\apiguardian\apiguardian-api\1.1.2\apiguardian-api-1.1.2.jar;C:\Users\pradh\.m2\repository\io\cucumber\cucumber-junit\6.11.0\cucumber-junit-6.11.0.jar;C:\Users\pradh\.m2\repository\junit\junit\4.13.2\junit-4.13.2.jar;C:\Us
Launcher Type: SUN_STANDARD

[Global flags]
     intx CICompilerCount                          = 2                                         {product} {ergonomic}
     uint ConcGCThreads                            = 1                                         {product} {ergonomic}
     uint G1ConcRefinementThreads                  = 2                                         {product} {ergonomic}
   size_t G1HeapRegionSize                         = 1048576                                   {product} {ergonomic}
    uintx GCDrainStackTargetSize                   = 64                                        {product} {ergonomic}
   size_t InitialHeapSize                          = 65011712                                  {product} {ergonomic}
   size_t MarkStackSize                            = 4194304                                   {product} {ergonomic}
   size_t MaxHeapSize                              = 1031798784                                {product} {ergonomic}
   size_t MaxNewSize                               = 618659840                                 {product} {ergonomic}
   size_t MinHeapDeltaBytes                        = 1048576                                   {product} {ergonomic}
   size_t MinHeapSize                              = 8388608                                   {product} {ergonomic}
    uintx NonNMethodCodeHeapSize                   = 5826188                                {pd product} {ergonomic}
    uintx NonProfiledCodeHeapSize                  = 122916026                              {pd product} {ergonomic}
    uintx ProfiledCodeHeapSize                     = 122916026                              {pd product} {ergonomic}
    uintx ReservedCodeCacheSize                    = 251658240                              {pd product} {ergonomic}
     bool SegmentedCodeCache                       = true                                      {product} {ergonomic}
     bool ShowCodeDetailsInExceptionMessages       = true                                   {manageable} {command line}
   size_t SoftMaxHeapSize                          = 1031798784                             {manageable} {ergonomic}
     bool UseCompressedClassPointers               = true                           {product lp64_product} {ergonomic}
     bool UseCompressedOops                        = true                           {product lp64_product} {ergonomic}
     bool UseG1GC                                  = true                                      {product} {ergonomic}
     bool UseLargePagesIndividualAllocation        = false                                  {pd product} {ergonomic}

Logging:
Log output configuration:
 #0: stdout all=warning uptime,level,tags
 #1: stderr all=off uptime,level,tags

Environment Variables:
PATH=C:/Users/pradh/Downloads/eclipse-java-2021-06-R-win32-x86_64/eclipse//plugins/org.eclipse.justj.openjdk.hotspot.jre.full.win32.x86_64_16.0.1.v20210528-1205/jre/bin/server;C:/Users/pradh/Downloads/eclipse-java-2021-06-R-win32-x86_64/eclipse//plugins/org.eclipse.justj.openjdk.hotspot.jre.full.win32.x86_64_16.0.1.v20210528-1205/jre/bin;C:\Program Files\Common Files\Oracle\Java\javapath;C:\Program Files (x86)\Common Files\Oracle\Java\javapath;C:\Program Files (x86)\Intel\TXE Components\iCLS\;C:\Program Files\Intel\TXE Components\iCLS\;C:\WINDOWS\system32;C:\WINDOWS;C:\WINDOWS\System32\Wbem;C:\WINDOWS\System32\WindowsPowerShell\v1.0\;C:\WINDOWS\System32\OpenSSH\;C:\Program Files\Intel\TXE Components\DAL\;C:\Program Files (x86)\Intel\TXE Components\DAL\;C:\Program Files\Intel\TXE Components\IPT\;C:\Program Files (x86)\Intel\TXE Components\IPT\;C:\Users\pradh\Desktop\axis2-1.6.2\bin;C:\Program Files\Java\jdk-16.0.2\bin;C:\Program Files\Java\jdk1.8.0_301\bin;D:\Priya Software\Git\cmd;D:\Priya Software\Maven\apache-maven-3.8.2\bin;C:\Program Files\MySQL\MySQL Shell 8.0\bin\;C:\Users\pradh\AppData\Local\Microsoft\WindowsApps;;C:\Users\pradh\Downloads\eclipse-java-2021-06-R-win32-x86_64\eclipse;
USERNAME=pradh
OS=Windows_NT
PROCESSOR_IDENTIFIER=Intel64 Family 6 Model 92 Stepping 9, GenuineIntel



---------------  S Y S T E M  ---------------

OS:
 Windows 10 , 64 bit Build 19041 (10.0.19041.1151)
OS uptime: 2 days 17:31 hours

CPU: total 2 (initial active 2) (2 cores per cpu, 1 threads per core) family 6 model 92 stepping 9 microcode 0x32, cx8, cmov, fxsr, mmx, 3dnowpref, sse, sse2, sse3, ssse3, sse4.1, sse4.2, popcnt, tsc, tscinvbit, aes, erms, clmul, sha, clflush, clflushopt

Memory: 4k page, system-wide physical 3928M (303M free)
TotalPageFile size 5328M (AvailPageFile size 4M)
current process WorkingSet (physical memory assigned to process): 101M, peak: 101M
current process commit charge ("private bytes"): 126M, peak: 151M

vm_info: OpenJDK 64-Bit Server VM (16.0.1+9-24) for windows-amd64 JRE (16.0.1+9-24), built on Mar 26 2021 19:30:07 by "mach5one" with MS VC++ 16.7 (VS2019)

END.
