#
# There is insufficient memory for the Java Runtime Environment to continue.
# Native memory allocation (malloc) failed to allocate 32744 bytes for ChunkPool::allocate
# Possible reasons:
#   The system is out of physical RAM or swap space
#   The process is running with CompressedOops enabled, and the Java Heap may be blocking the growth of the native heap
# Possible solutions:
#   Reduce memory load on the system
#   Increase physical memory or swap space
#   Check if swap backing store is full
#   Decrease Java heap size (-Xmx/-Xms)
#   Decrease number of Java threads
#   Decrease Java thread stack sizes (-Xss)
#   Set larger code cache with -XX:ReservedCodeCacheSize=
#   JVM is running with Unscaled Compressed Oops mode in which the Java heap is
#     placed in the first 4GB address space. The Java Heap base address is the
#     maximum limit for the native heap growth. Please use -XX:HeapBaseMinAddress
#     to set the Java Heap base and to place the Java Heap above 4GB virtual address.
# This output file may be truncated or incomplete.
#
#  Out of Memory Error (arena.cpp:79), pid=10188, tid=1404
#
# JRE version: OpenJDK Runtime Environment (16.0.1+9) (build 16.0.1+9-24)
# Java VM: OpenJDK 64-Bit Server VM (16.0.1+9-24, mixed mode, tiered, compressed oops, compressed class ptrs, g1 gc, windows-amd64)
# No core dump will be written. Minidumps are not enabled by default on client versions of Windows
#

---------------  S U M M A R Y ------------

Command Line: -ea -Dfile.encoding=UTF-8 -XX:+ShowCodeDetailsInExceptionMessages org.eclipse.jdt.internal.junit.runner.RemoteTestRunner -version 3 -port 61835 -testLoaderClass org.eclipse.jdt.internal.junit4.runner.JUnit4TestLoader -loaderpluginname org.eclipse.jdt.junit4.runtime -classNames TestRunner.TestRunner1

Host: Intel(R) Celeron(R) CPU N3350 @ 1.10GHz, 2 cores, 3G,  Windows 10 , 64 bit Build 19041 (10.0.19041.1151)
Time: Tue Aug 24 18:52:33 2021 GMT Summer Time elapsed time: 20.126225 seconds (0d 0h 0m 20s)

---------------  T H R E A D  ---------------

Current thread (0x00000125c9d49d00):  JavaThread "C2 CompilerThread0" daemon [_thread_in_native, id=1404, stack(0x0000001486900000,0x0000001486a00000)]


Current CompileTask:
C2:  20126 2155       4       java.lang.invoke.MethodType::makeImpl (108 bytes)

Stack: [0x0000001486900000,0x0000001486a00000]
Native frames: (J=compiled Java code, j=interpreted, Vv=VM code, C=native code)
V  [jvm.dll+0x6687ca]
V  [jvm.dll+0x7ca3c9]
V  [jvm.dll+0x7cbb53]
V  [jvm.dll+0x7cc1b3]
V  [jvm.dll+0x242ea5]
V  [jvm.dll+0xae25f]
V  [jvm.dll+0xae03d]
V  [jvm.dll+0x648c98]
V  [jvm.dll+0x7dfbb]
V  [jvm.dll+0x646505]
V  [jvm.dll+0x336cc0]
V  [jvm.dll+0x6786c3]
V  [jvm.dll+0x678e73]
V  [jvm.dll+0x678497]
V  [jvm.dll+0x67636a]
V  [jvm.dll+0x1a4fec]
V  [jvm.dll+0x2a4482]
V  [jvm.dll+0x681154]
V  [jvm.dll+0x678e6b]
V  [jvm.dll+0x678497]
V  [jvm.dll+0x67636a]
V  [jvm.dll+0x1a4fec]
V  [jvm.dll+0x2a4482]
V  [jvm.dll+0x681154]
V  [jvm.dll+0x678e6b]
V  [jvm.dll+0x678497]
V  [jvm.dll+0x67636a]
V  [jvm.dll+0x1a4fec]
V  [jvm.dll+0x2a4482]
V  [jvm.dll+0x681154]
V  [jvm.dll+0x678e6b]
V  [jvm.dll+0x678497]
V  [jvm.dll+0x67636a]
V  [jvm.dll+0x1a4fec]
V  [jvm.dll+0x214f65]
V  [jvm.dll+0x1a1d9b]
V  [jvm.dll+0x2253a8]
V  [jvm.dll+0x2233ec]
V  [jvm.dll+0x780002]
V  [jvm.dll+0x779b4a]
V  [jvm.dll+0x667666]
C  [ucrtbase.dll+0x21bb2]
C  [KERNEL32.DLL+0x17034]
C  [ntdll.dll+0x52651]


---------------  P R O C E S S  ---------------

Threads class SMR info:
_java_thread_list=0x00000125cb326a40, length=19, elements={
0x00000125b1381550, 0x00000125c9d11250, 0x00000125c9d12780, 0x00000125c9d444c0,
0x00000125c9d44dd0, 0x00000125c9d456e0, 0x00000125c9d47000, 0x00000125c9d49d00,
0x00000125ca809750, 0x00000125c9daea90, 0x00000125ca8fe400, 0x00000125ca90cc90,
0x00000125cab69c30, 0x00000125cb303020, 0x00000125cb357600, 0x00000125cb305550,
0x00000125cb305a70, 0x00000125cb2d34a0, 0x00000125cb2d3f40
}

Java Threads: ( => current thread )
  0x00000125b1381550 JavaThread "main" [_thread_in_native, id=6936, stack(0x0000001485c00000,0x0000001485d00000)]
  0x00000125c9d11250 JavaThread "Reference Handler" daemon [_thread_blocked, id=8668, stack(0x0000001486300000,0x0000001486400000)]
  0x00000125c9d12780 JavaThread "Finalizer" daemon [_thread_blocked, id=10104, stack(0x0000001486400000,0x0000001486500000)]
  0x00000125c9d444c0 JavaThread "Signal Dispatcher" daemon [_thread_blocked, id=7520, stack(0x0000001486500000,0x0000001486600000)]
  0x00000125c9d44dd0 JavaThread "Attach Listener" daemon [_thread_blocked, id=6308, stack(0x0000001486600000,0x0000001486700000)]
  0x00000125c9d456e0 JavaThread "Service Thread" daemon [_thread_blocked, id=6072, stack(0x0000001486700000,0x0000001486800000)]
  0x00000125c9d47000 JavaThread "Monitor Deflation Thread" daemon [_thread_blocked, id=6832, stack(0x0000001486800000,0x0000001486900000)]
=>0x00000125c9d49d00 JavaThread "C2 CompilerThread0" daemon [_thread_in_native, id=1404, stack(0x0000001486900000,0x0000001486a00000)]
  0x00000125ca809750 JavaThread "C1 CompilerThread0" daemon [_thread_blocked, id=6500, stack(0x0000001486a00000,0x0000001486b00000)]
  0x00000125c9daea90 JavaThread "Sweeper thread" daemon [_thread_blocked, id=5516, stack(0x0000001486b00000,0x0000001486c00000)]
  0x00000125ca8fe400 JavaThread "Notification Thread" daemon [_thread_blocked, id=1272, stack(0x0000001486c00000,0x0000001486d00000)]
  0x00000125ca90cc90 JavaThread "Common-Cleaner" daemon [_thread_blocked, id=8980, stack(0x0000001486e00000,0x0000001486f00000)]
  0x00000125cab69c30 JavaThread "ReaderThread" [_thread_in_native, id=9796, stack(0x0000001486f00000,0x0000001487000000)]
  0x00000125cb303020 JavaThread "Exec Default Executor" daemon [_thread_in_native, id=8772, stack(0x0000001487100000,0x0000001487200000)]
  0x00000125cb357600 JavaThread "UrlChecker-2" daemon [_thread_blocked, id=6556, stack(0x0000001487200000,0x0000001487300000)]
  0x00000125cb305550 JavaThread "Exec Stream Pumper" daemon [_thread_in_native, id=2864, stack(0x0000001487300000,0x0000001487400000)]
  0x00000125cb305a70 JavaThread "Exec Stream Pumper" daemon [_thread_in_native, id=6892, stack(0x0000001487400000,0x0000001487500000)]
  0x00000125cb2d34a0 JavaThread "OkHttp ConnectionPool" daemon [_thread_blocked, id=1696, stack(0x0000001487700000,0x0000001487800000)]
  0x00000125cb2d3f40 JavaThread "Okio Watchdog" daemon [_thread_blocked, id=7732, stack(0x0000001487800000,0x0000001487900000)]

Other Threads:
  0x00000125c9cb03e0 VMThread "VM Thread" [stack: 0x0000001486200000,0x0000001486300000] [id=9860]
  0x00000125ca8fe920 WatcherThread [stack: 0x0000001486d00000,0x0000001486e00000] [id=4828]
  0x00000125b13ae0f0 GCTaskThread "GC Thread#0" [stack: 0x0000001485d00000,0x0000001485e00000] [id=7508]
  0x00000125cad98230 GCTaskThread "GC Thread#1" [stack: 0x0000001487000000,0x0000001487100000] [id=3504]
  0x00000125b13b8050 ConcurrentGCThread "G1 Main Marker" [stack: 0x0000001485e00000,0x0000001485f00000] [id=3448]
  0x00000125b13b9330 ConcurrentGCThread "G1 Conc#0" [stack: 0x0000001485f00000,0x0000001486000000] [id=9236]
  0x00000125b13ee870 ConcurrentGCThread "G1 Refine#0" [stack: 0x0000001486000000,0x0000001486100000] [id=5572]
  0x00000125b13efa20 ConcurrentGCThread "G1 Service" [stack: 0x0000001486100000,0x0000001486200000] [id=10116]

Threads with active compile tasks:
C2 CompilerThread0    20211 2155       4       java.lang.invoke.MethodType::makeImpl (108 bytes)

VM state: not at safepoint (normal execution)

VM Mutex/Monitor currently owned by a thread: None

Heap address: 0x00000000c2800000, size: 984 MB, Compressed Oops mode: 32-bit

CDS disabled.
Compressed class space mapped at: 0x0000000100000000-0x0000000140000000, reserved size: 1073741824
Narrow klass base: 0x0000000000000000, Narrow klass shift: 3, Narrow klass range: 0x140000000

GC Precious Log:
 CPUs: 2 total, 2 available
 Memory: 3928M
 Large Page Support: Disabled
 NUMA Support: Disabled
 Compressed Oops: Enabled (32-bit)
 Heap Region Size: 1M
 Heap Min Capacity: 8M
 Heap Initial Capacity: 62M
 Heap Max Capacity: 984M
 Pre-touch: Disabled
 Parallel Workers: 2
 Concurrent Workers: 1
 Concurrent Refinement Workers: 2
 Periodic GC: Disabled

Heap:
 garbage-first heap   total 27648K, used 11746K [0x00000000c2800000, 0x0000000100000000)
  region size 1024K, 6 young (6144K), 2 survivors (2048K)
 Metaspace       used 25064K, committed 25280K, reserved 1073152K
  class space    used 2731K, committed 2816K, reserved 1048576K

Heap Regions: E=young(eden), S=young(survivor), O=old, HS=humongous(starts), HC=humongous(continues), CS=collection set, F=free, OA=open archive, CA=closed archive, TAMS=top-at-mark-start (previous, next)
|   0|0x00000000c2800000, 0x00000000c2900000, 0x00000000c2900000|100%|HS|  |TAMS 0x00000000c2900000, 0x00000000c2800000| Complete 
|   1|0x00000000c2900000, 0x00000000c2a00000, 0x00000000c2a00000|100%| O|  |TAMS 0x00000000c2a00000, 0x00000000c2900000| Untracked 
|   2|0x00000000c2a00000, 0x00000000c2b00000, 0x00000000c2b00000|100%| O|  |TAMS 0x00000000c2b00000, 0x00000000c2a00000| Untracked 
|   3|0x00000000c2b00000, 0x00000000c2ba6c00, 0x00000000c2c00000| 65%| O|  |TAMS 0x00000000c2ba6c00, 0x00000000c2b00000| Untracked 
|   4|0x00000000c2c00000, 0x00000000c2d00000, 0x00000000c2d00000|100%| O|  |TAMS 0x00000000c2c00000, 0x00000000c2c00000| Untracked 
|   5|0x00000000c2d00000, 0x00000000c2e00000, 0x00000000c2e00000|100%| O|  |TAMS 0x00000000c2d00000, 0x00000000c2d00000| Untracked 
|   6|0x00000000c2e00000, 0x00000000c2f00000, 0x00000000c2f00000|100%| O|  |TAMS 0x00000000c2e00000, 0x00000000c2e00000| Untracked 
|   7|0x00000000c2f00000, 0x00000000c2f87600, 0x00000000c3000000| 52%| O|  |TAMS 0x00000000c2f00000, 0x00000000c2f00000| Untracked 
|   8|0x00000000c3000000, 0x00000000c3000000, 0x00000000c3100000|  0%| F|  |TAMS 0x00000000c3000000, 0x00000000c3000000| Untracked 
|   9|0x00000000c3100000, 0x00000000c314a788, 0x00000000c3200000| 29%| S|CS|TAMS 0x00000000c3100000, 0x00000000c3100000| Complete 
|  10|0x00000000c3200000, 0x00000000c3300000, 0x00000000c3300000|100%| S|CS|TAMS 0x00000000c3200000, 0x00000000c3200000| Complete 
|  11|0x00000000c3300000, 0x00000000c3300000, 0x00000000c3400000|  0%| F|  |TAMS 0x00000000c3300000, 0x00000000c3300000| Untracked 
|  12|0x00000000c3400000, 0x00000000c3400000, 0x00000000c3500000|  0%| F|  |TAMS 0x00000000c3400000, 0x00000000c3400000| Untracked 
|  13|0x00000000c3500000, 0x00000000c3500000, 0x00000000c3600000|  0%| F|  |TAMS 0x00000000c3500000, 0x00000000c3500000| Untracked 
|  14|0x00000000c3600000, 0x00000000c3600000, 0x00000000c3700000|  0%| F|  |TAMS 0x00000000c3600000, 0x00000000c3600000| Untracked 
|  15|0x00000000c3700000, 0x00000000c3700000, 0x00000000c3800000|  0%| F|  |TAMS 0x00000000c3700000, 0x00000000c3700000| Untracked 
|  16|0x00000000c3800000, 0x00000000c3800000, 0x00000000c3900000|  0%| F|  |TAMS 0x00000000c3800000, 0x00000000c3800000| Untracked 
|  17|0x00000000c3900000, 0x00000000c3900000, 0x00000000c3a00000|  0%| F|  |TAMS 0x00000000c3900000, 0x00000000c3900000| Untracked 
|  18|0x00000000c3a00000, 0x00000000c3a00000, 0x00000000c3b00000|  0%| F|  |TAMS 0x00000000c3a00000, 0x00000000c3a00000| Untracked 
|  19|0x00000000c3b00000, 0x00000000c3b00000, 0x00000000c3c00000|  0%| F|  |TAMS 0x00000000c3b00000, 0x00000000c3b00000| Untracked 
|  20|0x00000000c3c00000, 0x00000000c3c00000, 0x00000000c3d00000|  0%| F|  |TAMS 0x00000000c3c00000, 0x00000000c3c00000| Untracked 
|  21|0x00000000c3d00000, 0x00000000c3d00000, 0x00000000c3e00000|  0%| F|  |TAMS 0x00000000c3d00000, 0x00000000c3d00000| Untracked 
|  22|0x00000000c3e00000, 0x00000000c3e00000, 0x00000000c3f00000|  0%| F|  |TAMS 0x00000000c3e00000, 0x00000000c3e00000| Untracked 
|  35|0x00000000c4b00000, 0x00000000c4b4fd28, 0x00000000c4c00000| 31%| E|  |TAMS 0x00000000c4b00000, 0x00000000c4b00000| Complete 
|  36|0x00000000c4c00000, 0x00000000c4d00000, 0x00000000c4d00000|100%| E|CS|TAMS 0x00000000c4c00000, 0x00000000c4c00000| Complete 
|  37|0x00000000c4d00000, 0x00000000c4e00000, 0x00000000c4e00000|100%| E|CS|TAMS 0x00000000c4d00000, 0x00000000c4d00000| Complete 
|  38|0x00000000c4e00000, 0x00000000c4f00000, 0x00000000c4f00000|100%| E|CS|TAMS 0x00000000c4e00000, 0x00000000c4e00000| Complete 

Card table byte_map: [0x00000125c56c0000,0x00000125c58b0000] _byte_map_base: 0x00000125c50ac000

Marking Bits (Prev, Next): (CMBitMap*) 0x00000125b13afb40, (CMBitMap*) 0x00000125b13afb00
 Prev Bits: [0x00000125c6a00000, 0x00000125c7960000)
 Next Bits: [0x00000125c5aa0000, 0x00000125c6a00000)

Polling page: 0x00000125b1170000

Metaspace:

Usage:
  Non-class:     21.81 MB used.
      Class:      2.67 MB used.
       Both:     24.48 MB used.

Virtual space:
  Non-class space:       24.00 MB reserved,      21.94 MB ( 91%) committed,  3 nodes.
      Class space:        1.00 GB reserved,       2.75 MB ( <1%) committed,  1 nodes.
              Both:        1.02 GB reserved,      24.69 MB (  2%) committed. 

Chunk freelists:
   Non-Class:  1.61 MB
       Class:  1.25 MB
        Both:  2.86 MB

MaxMetaspaceSize: 17179869184.00 GB
CompressedClassSpaceSize: 1.00 GB
 - commit_granule_bytes: 65536.
 - commit_granule_words: 8192.
 - virtual_space_node_default_size: 1048576.
 - enlarge_chunks_in_place: 1.
 - new_chunks_are_fully_committed: 0.
 - uncommit_free_chunks: 1.
 - use_allocation_guard: 0.
 - handle_deallocations: 1.


Internal statistics:

num_allocs_failed_limit: 3.
num_arena_births: 184.
num_arena_deaths: 0.
num_vsnodes_births: 4.
num_vsnodes_deaths: 0.
num_space_committed: 395.
num_space_uncommitted: 0.
num_chunks_returned_to_freelist: 3.
num_chunks_taken_from_freelist: 627.
num_chunk_merges: 3.
num_chunk_splits: 427.
num_chunks_enlarged: 325.
num_purges: 0.

CodeHeap 'non-profiled nmethods': size=120064Kb used=698Kb max_used=698Kb free=119366Kb
 bounds [0x00000125bdb90000, 0x00000125bde00000, 0x00000125c50d0000]
CodeHeap 'profiled nmethods': size=120000Kb used=4209Kb max_used=4209Kb free=115790Kb
 bounds [0x00000125b6660000, 0x00000125b6a80000, 0x00000125bdb90000]
CodeHeap 'non-nmethods': size=5696Kb used=1205Kb max_used=1223Kb free=4490Kb
 bounds [0x00000125b60d0000, 0x00000125b6340000, 0x00000125b6660000]
 total_blobs=2669 nmethods=2166 adapters=416
 compilation: enabled
              stopped_count=0, restarted_count=0
 full_count=0

Compilation events (20 events):
Event: 19.907 Thread 0x00000125c9d49d00 nmethod 2142 0x00000125bdc3cc10 code [0x00000125bdc3cdc0, 0x00000125bdc3d3b8]
Event: 19.907 Thread 0x00000125c9d49d00 2147       4       java.lang.AbstractStringBuilder::append (45 bytes)
Event: 19.919 Thread 0x00000125c9d49d00 nmethod 2147 0x00000125bdc3d690 code [0x00000125bdc3d840, 0x00000125bdc3de08]
Event: 19.931 Thread 0x00000125ca809750 2148       3       java.lang.AbstractStringBuilder::append (45 bytes)
Event: 19.932 Thread 0x00000125ca809750 nmethod 2148 0x00000125b6a74010 code [0x00000125b6a74200, 0x00000125b6a74548]
Event: 19.935 Thread 0x00000125ca809750 2149       3       java.lang.AbstractStringBuilder::putStringAt (34 bytes)
Event: 19.936 Thread 0x00000125ca809750 nmethod 2149 0x00000125b6a74710 code [0x00000125b6a748e0, 0x00000125b6a74bf8]
Event: 19.953 Thread 0x00000125c9d49d00 2150       4       jdk.internal.loader.URLClassPath$JarLoader$2::getCodeSourceURL (8 bytes)
Event: 19.955 Thread 0x00000125c9d49d00 nmethod 2150 0x00000125bdc3e210 code [0x00000125bdc3e3a0, 0x00000125bdc3e438]
Event: 20.079 Thread 0x00000125ca809750 2151       3       java.nio.charset.CoderResult::isOverflow (14 bytes)
Event: 20.079 Thread 0x00000125ca809750 nmethod 2151 0x00000125b6a74d90 code [0x00000125b6a74f20, 0x00000125b6a75098]
Event: 20.087 Thread 0x00000125ca809750 2152       3       io.cucumber.messages.internal.com.google.protobuf.GeneratedMessageV3$Builder::onChanged (29 bytes)
Event: 20.087 Thread 0x00000125ca809750 nmethod 2152 0x00000125b6a75110 code [0x00000125b6a752c0, 0x00000125b6a75508]
Event: 20.090 Thread 0x00000125ca809750 2153       3       java.lang.Class::getComponentType (14 bytes)
Event: 20.090 Thread 0x00000125ca809750 nmethod 2153 0x00000125b6a75610 code [0x00000125b6a757c0, 0x00000125b6a75988]
Event: 20.091 Thread 0x00000125ca809750 2154       1       io.cucumber.messages.internal.com.google.protobuf.GeneratedMessageV3$Builder::getUnknownFields (5 bytes)
Event: 20.091 Thread 0x00000125ca809750 nmethod 2154 0x00000125bdc3e510 code [0x00000125bdc3e6a0, 0x00000125bdc3e778]
Event: 20.094 Thread 0x00000125c9d49d00 2155       4       java.lang.invoke.MethodType::makeImpl (108 bytes)
Event: 20.097 Thread 0x00000125ca809750 2157       3       java.lang.invoke.BoundMethodHandle$Species_L::make (11 bytes)
Event: 20.098 Thread 0x00000125ca809750 nmethod 2157 0x00000125b6a75a10 code [0x00000125b6a75bc0, 0x00000125b6a75e08]

GC Heap History (10 events):
Event: 2.177 GC heap before
{Heap before GC invocations=0 (full 0):
 garbage-first heap   total 63488K, used 7168K [0x00000000c2800000, 0x0000000100000000)
  region size 1024K, 6 young (6144K), 0 survivors (0K)
 Metaspace       used 8548K, committed 8704K, reserved 1056768K
  class space    used 780K, committed 896K, reserved 1048576K
}
Event: 2.185 GC heap after
{Heap after GC invocations=1 (full 0):
 garbage-first heap   total 63488K, used 3575K [0x00000000c2800000, 0x0000000100000000)
  region size 1024K, 1 young (1024K), 1 survivors (1024K)
 Metaspace       used 8548K, committed 8704K, reserved 1056768K
  class space    used 780K, committed 896K, reserved 1048576K
}
Event: 2.659 GC heap before
{Heap before GC invocations=1 (full 0):
 garbage-first heap   total 63488K, used 7671K [0x00000000c2800000, 0x0000000100000000)
  region size 1024K, 5 young (5120K), 1 survivors (1024K)
 Metaspace       used 10178K, committed 10304K, reserved 1064960K
  class space    used 985K, committed 1024K, reserved 1048576K
}
Event: 2.663 GC heap after
{Heap after GC invocations=2 (full 0):
 garbage-first heap   total 63488K, used 4048K [0x00000000c2800000, 0x0000000100000000)
  region size 1024K, 1 young (1024K), 1 survivors (1024K)
 Metaspace       used 10178K, committed 10304K, reserved 1064960K
  class space    used 985K, committed 1024K, reserved 1048576K
}
Event: 3.706 GC heap before
{Heap before GC invocations=2 (full 0):
 garbage-first heap   total 63488K, used 13264K [0x00000000c2800000, 0x0000000100000000)
  region size 1024K, 11 young (11264K), 1 survivors (1024K)
 Metaspace       used 14195K, committed 14336K, reserved 1064960K
  class space    used 1389K, committed 1472K, reserved 1048576K
}
Event: 3.713 GC heap after
{Heap after GC invocations=3 (full 0):
 garbage-first heap   total 63488K, used 5072K [0x00000000c2800000, 0x0000000100000000)
  region size 1024K, 2 young (2048K), 2 survivors (2048K)
 Metaspace       used 14195K, committed 14336K, reserved 1064960K
  class space    used 1389K, committed 1472K, reserved 1048576K
}
Event: 6.234 GC heap before
{Heap before GC invocations=3 (full 0):
 garbage-first heap   total 63488K, used 25552K [0x00000000c2800000, 0x0000000100000000)
  region size 1024K, 23 young (23552K), 2 survivors (2048K)
 Metaspace       used 21038K, committed 21248K, reserved 1073152K
  class space    used 2194K, committed 2304K, reserved 1048576K
}
Event: 6.249 GC heap after
{Heap after GC invocations=4 (full 0):
 garbage-first heap   total 63488K, used 7529K [0x00000000c2800000, 0x0000000100000000)
  region size 1024K, 4 young (4096K), 4 survivors (4096K)
 Metaspace       used 21038K, committed 21248K, reserved 1073152K
  class space    used 2194K, committed 2304K, reserved 1048576K
}
Event: 11.102 GC heap before
{Heap before GC invocations=5 (full 0):
 garbage-first heap   total 27648K, used 19817K [0x00000000c2800000, 0x0000000100000000)
  region size 1024K, 16 young (16384K), 4 survivors (4096K)
 Metaspace       used 24430K, committed 24640K, reserved 1073152K
  class space    used 2654K, committed 2752K, reserved 1048576K
}
Event: 11.120 GC heap after
{Heap after GC invocations=6 (full 0):
 garbage-first heap   total 27648K, used 8674K [0x00000000c2800000, 0x0000000100000000)
  region size 1024K, 2 young (2048K), 2 survivors (2048K)
 Metaspace       used 24430K, committed 24640K, reserved 1073152K
  class space    used 2654K, committed 2752K, reserved 1048576K
}

Deoptimization events (20 events):
Event: 16.756 Thread 0x00000125b1381550 Uncommon trap: trap_request=0xffffff45 fr.pc=0x00000125bdba48f0 relative=0x00000000000003b0
Event: 16.756 Thread 0x00000125b1381550 Uncommon trap: reason=unstable_if action=reinterpret pc=0x00000125bdba48f0 method=java.lang.StringLatin1.canEncode(I)Z @ 4 c2
Event: 16.756 Thread 0x00000125b1381550 DEOPT PACKING pc=0x00000125bdba48f0 sp=0x0000001485cfc9d0
Event: 16.756 Thread 0x00000125b1381550 DEOPT UNPACKING pc=0x00000125b611d728 sp=0x0000001485cfc8f8 mode 2
Event: 16.756 Thread 0x00000125b1381550 Uncommon trap: trap_request=0xffffff45 fr.pc=0x00000125bdba39d8 relative=0x0000000000000398
Event: 16.756 Thread 0x00000125b1381550 Uncommon trap: reason=unstable_if action=reinterpret pc=0x00000125bdba39d8 method=java.lang.AbstractStringBuilder.isLatin1()Z @ 10 c2
Event: 16.756 Thread 0x00000125b1381550 DEOPT PACKING pc=0x00000125bdba39d8 sp=0x0000001485cfc980
Event: 16.756 Thread 0x00000125b1381550 DEOPT UNPACKING pc=0x00000125b611d728 sp=0x0000001485cfc900 mode 2
Event: 16.757 Thread 0x00000125b1381550 Uncommon trap: trap_request=0xffffff45 fr.pc=0x00000125bdbba964 relative=0x0000000000000444
Event: 16.757 Thread 0x00000125b1381550 Uncommon trap: reason=unstable_if action=reinterpret pc=0x00000125bdbba964 method=java.lang.AbstractStringBuilder.putStringAt(ILjava/lang/String;II)V @ 8 c2
Event: 16.757 Thread 0x00000125b1381550 DEOPT PACKING pc=0x00000125bdbba964 sp=0x0000001485cfdbc0
Event: 16.757 Thread 0x00000125b1381550 DEOPT UNPACKING pc=0x00000125b611d728 sp=0x0000001485cfda58 mode 2
Event: 19.931 Thread 0x00000125b1381550 Uncommon trap: trap_request=0xffffff45 fr.pc=0x00000125bdc3dc98 relative=0x0000000000000458
Event: 19.931 Thread 0x00000125b1381550 Uncommon trap: reason=unstable_if action=reinterpret pc=0x00000125bdc3dc98 method=java.lang.String.getBytes([BIIBI)V @ 6 c2
Event: 19.931 Thread 0x00000125b1381550 DEOPT PACKING pc=0x00000125bdc3dc98 sp=0x0000001485cfdf80
Event: 19.931 Thread 0x00000125b1381550 DEOPT UNPACKING pc=0x00000125b611d728 sp=0x0000001485cfddd8 mode 2
Event: 19.932 Thread 0x00000125b1381550 Uncommon trap: trap_request=0xffffff45 fr.pc=0x00000125bdbb7f48 relative=0x0000000000000128
Event: 19.932 Thread 0x00000125b1381550 Uncommon trap: reason=unstable_if action=reinterpret pc=0x00000125bdbb7f48 method=java.lang.AbstractStringBuilder.putStringAt(ILjava/lang/String;II)V @ 8 c2
Event: 19.932 Thread 0x00000125b1381550 DEOPT PACKING pc=0x00000125bdbb7f48 sp=0x0000001485cfde90
Event: 19.933 Thread 0x00000125b1381550 DEOPT UNPACKING pc=0x00000125b611d728 sp=0x0000001485cfde30 mode 2

Classes unloaded (0 events):
No events

Classes redefined (0 events):
No events

Internal exceptions (20 events):
Event: 5.729 Thread 0x00000125cb357600 Exception <a 'java/net/ConnectException'{0x00000000c50e3570}: Connection refused: no further information> (0x00000000c50e3570) 
thrown [t:\workspace\open\src\hotspot\share\prims\jni.cpp, line 600]
Event: 5.729 Thread 0x00000125cb357600 Exception <a 'java/net/SocketException'{0x00000000c50e38a8}: Socket is not connected: shutdown> (0x00000000c50e38a8) 
thrown [t:\workspace\open\src\hotspot\share\prims\jni.cpp, line 600]
Event: 5.760 Thread 0x00000125cb357600 Exception <a 'java/net/ConnectException'{0x00000000c50e4840}: Connection refused: no further information> (0x00000000c50e4840) 
thrown [t:\workspace\open\src\hotspot\share\prims\jni.cpp, line 600]
Event: 5.760 Thread 0x00000125cb357600 Exception <a 'java/net/SocketException'{0x00000000c50e4b78}: Socket is not connected: shutdown> (0x00000000c50e4b78) 
thrown [t:\workspace\open\src\hotspot\share\prims\jni.cpp, line 600]
Event: 5.807 Thread 0x00000125cb357600 Exception <a 'java/net/ConnectException'{0x00000000c50e5b10}: Connection refused: no further information> (0x00000000c50e5b10) 
thrown [t:\workspace\open\src\hotspot\share\prims\jni.cpp, line 600]
Event: 5.807 Thread 0x00000125cb357600 Exception <a 'java/net/SocketException'{0x00000000c50e5e48}: Socket is not connected: shutdown> (0x00000000c50e5e48) 
thrown [t:\workspace\open\src\hotspot\share\prims\jni.cpp, line 600]
Event: 5.912 Thread 0x00000125cb357600 Exception <a 'java/net/ConnectException'{0x00000000c50e6de0}: Connection refused: no further information> (0x00000000c50e6de0) 
thrown [t:\workspace\open\src\hotspot\share\prims\jni.cpp, line 600]
Event: 5.912 Thread 0x00000125cb357600 Exception <a 'java/net/SocketException'{0x00000000c50e7118}: Socket is not connected: shutdown> (0x00000000c50e7118) 
thrown [t:\workspace\open\src\hotspot\share\prims\jni.cpp, line 600]
Event: 6.172 Thread 0x00000125b1381550 Exception <a 'java/lang/IncompatibleClassChangeError'{0x00000000c4f94848}: Found class java.lang.Object, but interface was expected> (0x00000000c4f94848) 
thrown [t:\workspace\open\src\hotspot\share\interpreter\linkResolver.cpp, line 857]
Event: 6.227 Thread 0x00000125b1381550 Exception <a 'java/lang/NoSuchMethodError'{0x00000000c4f9d4c8}: 'int java.lang.invoke.DirectMethodHandle$Holder.invokeSpecialIFC(java.lang.Object, java.lang.Object, java.lang.Object, java.lang.Object)'> (0x00000000c4f9d4c8) 
thrown [t:\workspace\open\src\hotspot\share\interpreter\linkResolver.cpp, line 790]
Event: 6.287 Thread 0x00000125b1381550 Exception <a 'java/lang/NoSuchMethodError'{0x00000000c3e05048}: 'java.lang.Object java.lang.invoke.DirectMethodHandle$Holder.invokeInterface(java.lang.Object, java.lang.Object, java.lang.Object, java.lang.Object)'> (0x00000000c3e05048) 
thrown [t:\workspace\open\src\hotspot\share\interpreter\linkResolver.cpp, line 790]
Event: 6.305 Thread 0x00000125b1381550 Exception <a 'java/lang/NoSuchMethodError'{0x00000000c3e2b978}: 'java.lang.Object java.lang.invoke.DirectMethodHandle$Holder.invokeVirtual(java.lang.Object, java.lang.Object, java.lang.Object)'> (0x00000000c3e2b978) 
thrown [t:\workspace\open\src\hotspot\share\interpreter\linkResolver.cpp, line 790]
Event: 6.341 Thread 0x00000125b1381550 Exception <a 'java/lang/NoSuchMethodError'{0x00000000c3ebb360}: 'void java.lang.invoke.DirectMethodHandle$Holder.invokeInterface(java.lang.Object, java.lang.Object, java.lang.Object)'> (0x00000000c3ebb360) 
thrown [t:\workspace\open\src\hotspot\share\interpreter\linkResolver.cpp, line 790]
Event: 6.379 Thread 0x00000125b1381550 Exception <a 'java/lang/NoSuchMethodError'{0x00000000c3d1bb80}: 'double java.lang.invoke.DirectMethodHandle$Holder.invokeVirtual(java.lang.Object, java.lang.Object)'> (0x00000000c3d1bb80) 
thrown [t:\workspace\open\src\hotspot\share\interpreter\linkResolver.cpp, line 790]
Event: 6.381 Thread 0x00000125b1381550 Exception <a 'java/lang/NoSuchMethodError'{0x00000000c3d22620}: 'float java.lang.invoke.DirectMethodHandle$Holder.invokeVirtual(java.lang.Object, java.lang.Object)'> (0x00000000c3d22620) 
thrown [t:\workspace\open\src\hotspot\share\interpreter\linkResolver.cpp, line 790]
Event: 6.386 Thread 0x00000125b1381550 Exception <a 'java/lang/NoSuchMethodError'{0x00000000c3d2bbd0}: 'long java.lang.invoke.DirectMethodHandle$Holder.invokeVirtual(java.lang.Object, java.lang.Object)'> (0x00000000c3d2bbd0) 
thrown [t:\workspace\open\src\hotspot\share\interpreter\linkResolver.cpp, line 790]
Event: 10.007 Thread 0x00000125b1381550 Exception <a 'java/lang/NoSuchMethodError'{0x00000000c3444948}: 'java.lang.Object java.lang.invoke.DirectMethodHandle$Holder.invokeSpecialIFC(java.lang.Object, java.lang.Object, java.lang.Object)'> (0x00000000c3444948) 
thrown [t:\workspace\open\src\hotspot\share\interpreter\linkResolver.cpp, line 790]
Event: 10.263 Thread 0x00000125b1381550 Exception <a 'java/lang/NoSuchMethodError'{0x00000000c34ceb50}: 'java.lang.Object java.lang.invoke.DirectMethodHandle$Holder.invokeStatic(java.lang.Object, int, java.lang.Object)'> (0x00000000c34ceb50) 
thrown [t:\workspace\open\src\hotspot\share\interpreter\linkResolver.cpp, line 790]
Event: 10.376 Thread 0x00000125b1381550 Exception <a 'java/lang/ClassNotFoundException'{0x00000000c330e968}: sun/util/logging/resources/spi/loggingProvider> (0x00000000c330e968) 
thrown [t:\workspace\open\src\hotspot\share\classfile\systemDictionary.cpp, line 256]
Event: 19.880 Thread 0x00000125b1381550 Exception <a 'java/lang/reflect/InvocationTargetException'{0x00000000c4c070c8}> (0x00000000c4c070c8) 
thrown [t:\workspace\open\src\hotspot\share\runtime\reflection.cpp, line 1157]

Events (20 events):
Event: 17.431 Executing  VM operation: ICBufferFull
Event: 17.432 Executing  VM operation: ICBufferFull done
Event: 17.853 Executing  VM operation: ICBufferFull
Event: 17.853 Executing  VM operation: ICBufferFull done
Event: 18.368 Executing  VM operation: ICBufferFull
Event: 18.368 Executing  VM operation: ICBufferFull done
Event: 18.851 Executing  VM operation: ICBufferFull
Event: 18.851 Executing  VM operation: ICBufferFull done
Event: 19.378 Executing  VM operation: ICBufferFull
Event: 19.385 Executing  VM operation: ICBufferFull done
Event: 19.876 Executing  VM operation: ICBufferFull
Event: 19.876 Executing  VM operation: ICBufferFull done
Event: 19.883 loading class java/lang/StackTraceElement$HashedModules
Event: 19.883 loading class java/lang/StackTraceElement$HashedModules done
Event: 19.906 loading class java/time/Instant$1
Event: 19.910 loading class java/time/Instant$1 done
Event: 19.931 loading class java/lang/Throwable$WrappedPrintWriter
Event: 19.931 loading class java/lang/Throwable$WrappedPrintWriter done
Event: 19.950 loading class java/lang/Throwable$WrappedPrintStream
Event: 19.950 loading class java/lang/Throwable$WrappedPrintStream done


Dynamic libraries:
0x00007ff693ff0000 - 0x00007ff693ffe000 	C:\Users\pradh\Downloads\eclipse-java-2021-06-R-win32-x86_64\eclipse\plugins\org.eclipse.justj.openjdk.hotspot.jre.full.win32.x86_64_16.0.1.v20210528-1205\jre\bin\javaw.exe
0x00007ffa79730000 - 0x00007ffa79925000 	C:\WINDOWS\SYSTEM32\ntdll.dll
0x00007ffa77980000 - 0x00007ffa77a3d000 	C:\WINDOWS\System32\KERNEL32.DLL
0x00007ffa76e60000 - 0x00007ffa77129000 	C:\WINDOWS\System32\KERNELBASE.dll
0x00007ffa77540000 - 0x00007ffa77640000 	C:\WINDOWS\System32\ucrtbase.dll
0x00007ffa706d0000 - 0x00007ffa706e8000 	C:\Users\pradh\Downloads\eclipse-java-2021-06-R-win32-x86_64\eclipse\plugins\org.eclipse.justj.openjdk.hotspot.jre.full.win32.x86_64_16.0.1.v20210528-1205\jre\bin\jli.dll
0x00007ffa78b70000 - 0x00007ffa78d10000 	C:\WINDOWS\System32\USER32.dll
0x00007ffa77340000 - 0x00007ffa77362000 	C:\WINDOWS\System32\win32u.dll
0x00007ffa78900000 - 0x00007ffa7892a000 	C:\WINDOWS\System32\GDI32.dll
0x00007ffa77370000 - 0x00007ffa7747b000 	C:\WINDOWS\System32\gdi32full.dll
0x00007ffa77690000 - 0x00007ffa7772d000 	C:\WINDOWS\System32\msvcp_win.dll
0x00007ffa6eea0000 - 0x00007ffa6eeb9000 	C:\Users\pradh\Downloads\eclipse-java-2021-06-R-win32-x86_64\eclipse\plugins\org.eclipse.justj.openjdk.hotspot.jre.full.win32.x86_64_16.0.1.v20210528-1205\jre\bin\VCRUNTIME140.dll
0x00007ffa61860000 - 0x00007ffa61afa000 	C:\WINDOWS\WinSxS\amd64_microsoft.windows.common-controls_6595b64144ccf1df_6.0.19041.1110_none_60b5254171f9507e\COMCTL32.dll
0x00007ffa77a40000 - 0x00007ffa77ade000 	C:\WINDOWS\System32\msvcrt.dll
0x00007ffa79210000 - 0x00007ffa79240000 	C:\WINDOWS\System32\IMM32.DLL
0x00007ffa71e60000 - 0x00007ffa71e6c000 	C:\Users\pradh\Downloads\eclipse-java-2021-06-R-win32-x86_64\eclipse\plugins\org.eclipse.justj.openjdk.hotspot.jre.full.win32.x86_64_16.0.1.v20210528-1205\jre\bin\vcruntime140_1.dll
0x00007ffa6e590000 - 0x00007ffa6e621000 	C:\Users\pradh\Downloads\eclipse-java-2021-06-R-win32-x86_64\eclipse\plugins\org.eclipse.justj.openjdk.hotspot.jre.full.win32.x86_64_16.0.1.v20210528-1205\jre\bin\msvcp140.dll
0x00007ffa4f370000 - 0x00007ffa4ff1b000 	C:\Users\pradh\Downloads\eclipse-java-2021-06-R-win32-x86_64\eclipse\plugins\org.eclipse.justj.openjdk.hotspot.jre.full.win32.x86_64_16.0.1.v20210528-1205\jre\bin\server\jvm.dll
0x00007ffa77820000 - 0x00007ffa778cc000 	C:\WINDOWS\System32\ADVAPI32.dll
0x00007ffa792f0000 - 0x00007ffa7938b000 	C:\WINDOWS\System32\sechost.dll
0x00007ffa78930000 - 0x00007ffa78a5a000 	C:\WINDOWS\System32\RPCRT4.dll
0x00007ffa79240000 - 0x00007ffa79248000 	C:\WINDOWS\System32\PSAPI.DLL
0x00007ffa64a90000 - 0x00007ffa64a99000 	C:\WINDOWS\SYSTEM32\WSOCK32.dll
0x00007ffa78eb0000 - 0x00007ffa78f1b000 	C:\WINDOWS\System32\WS2_32.dll
0x00007ffa627b0000 - 0x00007ffa627d7000 	C:\WINDOWS\SYSTEM32\WINMM.dll
0x00007ffa6fb00000 - 0x00007ffa6fb0a000 	C:\WINDOWS\SYSTEM32\VERSION.dll
0x00007ffa756f0000 - 0x00007ffa75702000 	C:\WINDOWS\SYSTEM32\kernel.appcore.dll
0x00007ffa71570000 - 0x00007ffa7157a000 	C:\Users\pradh\Downloads\eclipse-java-2021-06-R-win32-x86_64\eclipse\plugins\org.eclipse.justj.openjdk.hotspot.jre.full.win32.x86_64_16.0.1.v20210528-1205\jre\bin\jimage.dll
0x00007ffa74c60000 - 0x00007ffa74e44000 	C:\WINDOWS\SYSTEM32\DBGHELP.DLL
0x00007ffa62a30000 - 0x00007ffa62a5c000 	C:\WINDOWS\SYSTEM32\dbgcore.DLL
0x00007ffa77480000 - 0x00007ffa77503000 	C:\WINDOWS\System32\bcryptPrimitives.dll
0x00007ffa706f0000 - 0x00007ffa70715000 	C:\Users\pradh\Downloads\eclipse-java-2021-06-R-win32-x86_64\eclipse\plugins\org.eclipse.justj.openjdk.hotspot.jre.full.win32.x86_64_16.0.1.v20210528-1205\jre\bin\java.dll
0x00007ffa70940000 - 0x00007ffa70958000 	C:\Users\pradh\Downloads\eclipse-java-2021-06-R-win32-x86_64\eclipse\plugins\org.eclipse.justj.openjdk.hotspot.jre.full.win32.x86_64_16.0.1.v20210528-1205\jre\bin\zip.dll
0x00007ffa77c10000 - 0x00007ffa7834f000 	C:\WINDOWS\System32\SHELL32.dll
0x00007ffa74e70000 - 0x00007ffa75600000 	C:\WINDOWS\SYSTEM32\windows.storage.dll
0x00007ffa79390000 - 0x00007ffa796e5000 	C:\WINDOWS\System32\combase.dll
0x00007ffa768c0000 - 0x00007ffa768ec000 	C:\WINDOWS\SYSTEM32\Wldp.dll
0x00007ffa78ac0000 - 0x00007ffa78b6e000 	C:\WINDOWS\System32\SHCORE.dll
0x00007ffa78a60000 - 0x00007ffa78ab5000 	C:\WINDOWS\System32\shlwapi.dll
0x00007ffa76da0000 - 0x00007ffa76dbf000 	C:\WINDOWS\SYSTEM32\profapi.dll
0x00007ffa708e0000 - 0x00007ffa708f9000 	C:\Users\pradh\Downloads\eclipse-java-2021-06-R-win32-x86_64\eclipse\plugins\org.eclipse.justj.openjdk.hotspot.jre.full.win32.x86_64_16.0.1.v20210528-1205\jre\bin\net.dll
0x00007ffa69ba0000 - 0x00007ffa69ca8000 	C:\WINDOWS\SYSTEM32\WINHTTP.dll
0x00007ffa76620000 - 0x00007ffa7668a000 	C:\WINDOWS\system32\mswsock.dll
0x00007ffa70820000 - 0x00007ffa70833000 	C:\Users\pradh\Downloads\eclipse-java-2021-06-R-win32-x86_64\eclipse\plugins\org.eclipse.justj.openjdk.hotspot.jre.full.win32.x86_64_16.0.1.v20210528-1205\jre\bin\nio.dll
0x00007ffa762c0000 - 0x00007ffa762fb000 	C:\WINDOWS\SYSTEM32\IPHLPAPI.DLL
0x00007ffa79270000 - 0x00007ffa79278000 	C:\WINDOWS\System32\NSI.dll
0x00007ffa6cb60000 - 0x00007ffa6cb77000 	C:\WINDOWS\SYSTEM32\dhcpcsvc6.DLL
0x00007ffa6da40000 - 0x00007ffa6da5d000 	C:\WINDOWS\SYSTEM32\dhcpcsvc.DLL
0x00007ffa76300000 - 0x00007ffa763cc000 	C:\WINDOWS\SYSTEM32\DNSAPI.dll
0x00007ffa71560000 - 0x00007ffa71570000 	C:\Users\pradh\Downloads\eclipse-java-2021-06-R-win32-x86_64\eclipse\plugins\org.eclipse.justj.openjdk.hotspot.jre.full.win32.x86_64_16.0.1.v20210528-1205\jre\bin\verify.dll
0x00007ffa76810000 - 0x00007ffa76828000 	C:\WINDOWS\SYSTEM32\CRYPTSP.dll
0x00007ffa75ed0000 - 0x00007ffa75f04000 	C:\WINDOWS\system32\rsaenh.dll
0x00007ffa77510000 - 0x00007ffa77537000 	C:\WINDOWS\System32\bcrypt.dll
0x00007ffa76d20000 - 0x00007ffa76d4e000 	C:\WINDOWS\SYSTEM32\USERENV.dll
0x00007ffa76830000 - 0x00007ffa7683c000 	C:\WINDOWS\SYSTEM32\CRYPTBASE.dll
0x00007ffa671d0000 - 0x00007ffa671da000 	C:\Windows\System32\rasadhlp.dll
0x00007ffa69a00000 - 0x00007ffa69a7f000 	C:\WINDOWS\System32\fwpuclnt.dll
0x00007ffa71a40000 - 0x00007ffa71a4e000 	C:\Users\pradh\Downloads\eclipse-java-2021-06-R-win32-x86_64\eclipse\plugins\org.eclipse.justj.openjdk.hotspot.jre.full.win32.x86_64_16.0.1.v20210528-1205\jre\bin\sunmscapi.dll
0x00007ffa771e0000 - 0x00007ffa7733f000 	C:\WINDOWS\System32\CRYPT32.dll
0x00007ffa76930000 - 0x00007ffa76957000 	C:\WINDOWS\SYSTEM32\ncrypt.dll
0x00007ffa768f0000 - 0x00007ffa7692b000 	C:\WINDOWS\SYSTEM32\NTASN1.dll

dbghelp: loaded successfully - version: 4.0.5 - missing functions: none
symbol engine: initialized successfully - sym options: 0x614 - pdb path: .;C:\Users\pradh\Downloads\eclipse-java-2021-06-R-win32-x86_64\eclipse\plugins\org.eclipse.justj.openjdk.hotspot.jre.full.win32.x86_64_16.0.1.v20210528-1205\jre\bin;C:\WINDOWS\SYSTEM32;C:\WINDOWS\WinSxS\amd64_microsoft.windows.common-controls_6595b64144ccf1df_6.0.19041.1110_none_60b5254171f9507e;C:\Users\pradh\Downloads\eclipse-java-2021-06-R-win32-x86_64\eclipse\plugins\org.eclipse.justj.openjdk.hotspot.jre.full.win32.x86_64_16.0.1.v20210528-1205\jre\bin\server

VM Arguments:
jvm_args: -ea -Dfile.encoding=UTF-8 -XX:+ShowCodeDetailsInExceptionMessages 
java_command: org.eclipse.jdt.internal.junit.runner.RemoteTestRunner -version 3 -port 61835 -testLoaderClass org.eclipse.jdt.internal.junit4.runner.JUnit4TestLoader -loaderpluginname org.eclipse.jdt.junit4.runtime -classNames TestRunner.TestRunner1
java_class_path (initial): C:\Users\pradh\eclipse-workspace\Cucumber\target\test-classes;C:\Users\pradh\eclipse-workspace\Cucumber\target\classes;C:\Users\pradh\Downloads\selenium-java-3.141.59\client-combined-3.141.59.jar;C:\Users\pradh\Downloads\selenium-java-3.141.59\client-combined-3.141.59-sources.jar;C:\Users\pradh\Downloads\selenium-java-3.141.59\libs\byte-buddy-1.8.15.jar;C:\Users\pradh\Downloads\selenium-java-3.141.59\libs\commons-exec-1.3.jar;C:\Users\pradh\Downloads\selenium-java-3.141.59\libs\guava-25.0-jre.jar;C:\Users\pradh\Downloads\selenium-java-3.141.59\libs\okhttp-3.11.0.jar;C:\Users\pradh\Downloads\selenium-java-3.141.59\libs\okio-1.14.0.jar;D:\Priya Software\Selenium Software\selenium-server-standalone-3.141.59.jar;C:\Users\pradh\.m2\repository\io\cucumber\cucumber-java\6.11.0\cucumber-java-6.11.0.jar;C:\Users\pradh\.m2\repository\io\cucumber\cucumber-core\6.11.0\cucumber-core-6.11.0.jar;C:\Users\pradh\.m2\repository\io\cucumber\cucumber-gherkin\6.11.0\cucumber-gherkin-6.11.0.jar;C:\Users\pradh\.m2\repository\io\cucumber\cucumber-gherkin-messages\6.11.0\cucumber-gherkin-messages-6.11.0.jar;C:\Users\pradh\.m2\repository\io\cucumber\messages\15.0.0\messages-15.0.0.jar;C:\Users\pradh\.m2\repository\io\cucumber\tag-expressions\3.0.1\tag-expressions-3.0.1.jar;C:\Users\pradh\.m2\repository\io\cucumber\cucumber-expressions\10.3.0\cucumber-expressions-10.3.0.jar;C:\Users\pradh\.m2\repository\io\cucumber\datatable\3.5.0\datatable-3.5.0.jar;C:\Users\pradh\.m2\repository\io\cucumber\cucumber-plugin\6.11.0\cucumber-plugin-6.11.0.jar;C:\Users\pradh\.m2\repository\io\cucumber\docstring\6.11.0\docstring-6.11.0.jar;C:\Users\pradh\.m2\repository\io\cucumber\html-formatter\13.0.0\html-formatter-13.0.0.jar;C:\Users\pradh\.m2\repository\io\cucumber\create-meta\4.0.0\create-meta-4.0.0.jar;C:\Users\pradh\.m2\repository\org\apiguardian\apiguardian-api\1.1.2\apiguardian-api-1.1.2.jar;C:\Users\pradh\.m2\repository\io\cucumber\cucumber-junit\6.11.0\cucumber-junit-6.11.0
Launcher Type: SUN_STANDARD

[Global flags]
     intx CICompilerCount                          = 2                                         {product} {ergonomic}
     uint ConcGCThreads                            = 1                                         {product} {ergonomic}
     uint G1ConcRefinementThreads                  = 2                                         {product} {ergonomic}
   size_t G1HeapRegionSize                         = 1048576                                   {product} {ergonomic}
    uintx GCDrainStackTargetSize                   = 64                                        {product} {ergonomic}
   size_t InitialHeapSize                          = 65011712                                  {product} {ergonomic}
   size_t MarkStackSize                            = 4194304                                   {product} {ergonomic}
   size_t MaxHeapSize                              = 1031798784                                {product} {ergonomic}
   size_t MaxNewSize                               = 618659840                                 {product} {ergonomic}
   size_t MinHeapDeltaBytes                        = 1048576                                   {product} {ergonomic}
   size_t MinHeapSize                              = 8388608                                   {product} {ergonomic}
    uintx NonNMethodCodeHeapSize                   = 5826188                                {pd product} {ergonomic}
    uintx NonProfiledCodeHeapSize                  = 122916026                              {pd product} {ergonomic}
    uintx ProfiledCodeHeapSize                     = 122916026                              {pd product} {ergonomic}
    uintx ReservedCodeCacheSize                    = 251658240                              {pd product} {ergonomic}
     bool SegmentedCodeCache                       = true                                      {product} {ergonomic}
     bool ShowCodeDetailsInExceptionMessages       = true                                   {manageable} {command line}
   size_t SoftMaxHeapSize                          = 1031798784                             {manageable} {ergonomic}
     bool UseCompressedClassPointers               = true                           {product lp64_product} {ergonomic}
     bool UseCompressedOops                        = true                           {product lp64_product} {ergonomic}
     bool UseG1GC                                  = true                                      {product} {ergonomic}
     bool UseLargePagesIndividualAllocation        = false                                  {pd product} {ergonomic}

Logging:
Log output configuration:
 #0: stdout all=warning uptime,level,tags
 #1: stderr all=off uptime,level,tags

Environment Variables:
PATH=C:/Users/pradh/Downloads/eclipse-java-2021-06-R-win32-x86_64/eclipse//plugins/org.eclipse.justj.openjdk.hotspot.jre.full.win32.x86_64_16.0.1.v20210528-1205/jre/bin/server;C:/Users/pradh/Downloads/eclipse-java-2021-06-R-win32-x86_64/eclipse//plugins/org.eclipse.justj.openjdk.hotspot.jre.full.win32.x86_64_16.0.1.v20210528-1205/jre/bin;C:\Program Files\Common Files\Oracle\Java\javapath;C:\Program Files (x86)\Common Files\Oracle\Java\javapath;C:\Program Files (x86)\Intel\TXE Components\iCLS\;C:\Program Files\Intel\TXE Components\iCLS\;C:\WINDOWS\system32;C:\WINDOWS;C:\WINDOWS\System32\Wbem;C:\WINDOWS\System32\WindowsPowerShell\v1.0\;C:\WINDOWS\System32\OpenSSH\;C:\Program Files\Intel\TXE Components\DAL\;C:\Program Files (x86)\Intel\TXE Components\DAL\;C:\Program Files\Intel\TXE Components\IPT\;C:\Program Files (x86)\Intel\TXE Components\IPT\;C:\Users\pradh\Desktop\axis2-1.6.2\bin;C:\Program Files\Java\jdk-16.0.2\bin;C:\Program Files\Java\jdk1.8.0_301\bin;D:\Priya Software\Git\cmd;D:\Priya Software\Maven\apache-maven-3.8.2\bin;C:\Program Files\MySQL\MySQL Shell 8.0\bin\;C:\Users\pradh\AppData\Local\Microsoft\WindowsApps;;C:\Users\pradh\Downloads\eclipse-java-2021-06-R-win32-x86_64\eclipse;
USERNAME=pradh
OS=Windows_NT
PROCESSOR_IDENTIFIER=Intel64 Family 6 Model 92 Stepping 9, GenuineIntel



---------------  S Y S T E M  ---------------

OS:
 Windows 10 , 64 bit Build 19041 (10.0.19041.1151)
OS uptime: 2 days 21:26 hours

CPU: total 2 (initial active 2) (2 cores per cpu, 1 threads per core) family 6 model 92 stepping 9 microcode 0x32, cx8, cmov, fxsr, mmx, 3dnowpref, sse, sse2, sse3, ssse3, sse4.1, sse4.2, popcnt, tsc, tscinvbit, aes, erms, clmul, sha, clflush, clflushopt

Memory: 4k page, system-wide physical 3928M (376M free)
TotalPageFile size 5328M (AvailPageFile size 3M)
current process WorkingSet (physical memory assigned to process): 95M, peak: 95M
current process commit charge ("private bytes"): 120M, peak: 151M

vm_info: OpenJDK 64-Bit Server VM (16.0.1+9-24) for windows-amd64 JRE (16.0.1+9-24), built on Mar 26 2021 19:30:07 by "mach5one" with MS VC++ 16.7 (VS2019)

END.
